#
# There is insufficient memory for the Java Runtime Environment to continue.
# Native memory allocation (mmap) failed to map 95420416 bytes for committing reserved memory.
# Possible reasons:
#   The system is out of physical RAM or swap space
#   The process is running with CompressedOops enabled, and the Java Heap may be blocking the growth of the native heap
# Possible solutions:
#   Reduce memory load on the system
#   Increase physical memory or swap space
#   Check if swap backing store is full
#   Decrease Java heap size (-Xmx/-Xms)
#   Decrease number of Java threads
#   Decrease Java thread stack sizes (-Xss)
#   Set larger code cache with -XX:ReservedCodeCacheSize=
#   JVM is running with Unscaled Compressed Oops mode in which the Java heap is
#     placed in the first 4GB address space. The Java Heap base address is the
#     maximum limit for the native heap growth. Please use -XX:HeapBaseMinAddress
#     to set the Java Heap base and to place the Java Heap above 4GB virtual address.
# This output file may be truncated or incomplete.
#
#  Out of Memory Error (os_linux.cpp:2749), pid=5352, tid=0x00007fafc29a7700
#
# JRE version: Java(TM) SE Runtime Environment (8.0_201-b09) (build 1.8.0_201-b09)
# Java VM: Java HotSpot(TM) 64-Bit Server VM (25.201-b09 mixed mode linux-amd64 compressed oops)
# Failed to write core dump. Core dumps have been disabled. To enable core dumping, try "ulimit -c unlimited" before starting Java again
#

---------------  T H R E A D  ---------------

Current thread (0x00007faff8082000):  VMThread [stack: 0x00007fafc28a8000,0x00007fafc29a8000] [id=5378]

Stack: [0x00007fafc28a8000,0x00007fafc29a8000],  sp=0x00007fafc29a63d0,  free space=1016k
Native frames: (J=compiled Java code, j=interpreted, Vv=VM code, C=native code)
V  [libjvm.so+0xad3525]  VMError::report_and_die()+0x2e5
V  [libjvm.so+0x4e0457]  report_vm_out_of_memory(char const*, int, unsigned long, VMErrorType, char const*)+0x67
V  [libjvm.so+0x9102f0]  os::pd_commit_memory(char*, unsigned long, unsigned long, bool)+0x100
V  [libjvm.so+0x90791f]  os::commit_memory(char*, unsigned long, unsigned long, bool)+0x1f
V  [libjvm.so+0x98c806]  PSVirtualSpace::expand_by(unsigned long)+0x56
V  [libjvm.so+0x97badb]  PSOldGen::expand_by(unsigned long) [clone .part.28]+0x1b
V  [libjvm.so+0x97bc98]  PSOldGen::expand(unsigned long) [clone .part.29]+0xa8
V  [libjvm.so+0x97c841]  PSOldGen::resize(unsigned long)+0xe1
V  [libjvm.so+0x98297c]  PSParallelCompact::invoke_no_policy(bool) [clone .part.118]+0xa2c
V  [libjvm.so+0x98a795]  PSScavenge::invoke()+0x215
V  [libjvm.so+0x93a318]  ParallelScavengeHeap::failed_mem_allocate(unsigned long)+0x68
V  [libjvm.so+0xad5073]  VM_ParallelGCFailedAllocation::doit()+0x93
V  [libjvm.so+0xada296]  VM_Operation::evaluate()+0x46
V  [libjvm.so+0xad85cd]  VMThread::evaluate_operation(VM_Operation*) [clone .constprop.44]+0xcd
V  [libjvm.so+0xad8bb3]  VMThread::loop()+0x3a3
V  [libjvm.so+0xad8f88]  VMThread::run()+0x78
V  [libjvm.so+0x90d922]  java_start(Thread*)+0x102

VM_Operation (0x00007fb00003c0d0): ParallelGCFailedAllocation, mode: safepoint, requested by thread 0x00007faff800b800


---------------  P R O C E S S  ---------------

Java Threads: ( => current thread )
  0x00007faff821c800 JavaThread "resolver-5" daemon [_thread_blocked, id=5404, stack(0x00007faf98cfc000,0x00007faf98dfd000)]
  0x00007faff821c000 JavaThread "resolver-4" daemon [_thread_blocked, id=5403, stack(0x00007faf98dfd000,0x00007faf98efe000)]
  0x00007faff8fb6000 JavaThread "resolver-3" daemon [_thread_blocked, id=5402, stack(0x00007faf98efe000,0x00007faf98fff000)]
  0x00007faff8fb5800 JavaThread "resolver-2" daemon [_thread_blocked, id=5401, stack(0x00007fafc002c000,0x00007fafc012d000)]
  0x00007faff8fb1800 JavaThread "resolver-1" daemon [_thread_blocked, id=5400, stack(0x00007fafc012d000,0x00007fafc022e000)]
  0x00007faff8fa1000 JavaThread "process reaper" daemon [_thread_blocked, id=5398, stack(0x00007fafc042e000,0x00007fafc0467000)]
  0x00007faff80cd800 JavaThread "Service Thread" daemon [_thread_blocked, id=5386, stack(0x00007fafc16cd000,0x00007fafc17ce000)]
  0x00007faff80ca800 JavaThread "C1 CompilerThread3" daemon [_thread_blocked, id=5385, stack(0x00007fafc17cf000,0x00007fafc18cf000)]
  0x00007faff80c8800 JavaThread "C2 CompilerThread2" daemon [_thread_blocked, id=5384, stack(0x00007fafc18d0000,0x00007fafc19d0000)]
  0x00007faff80c6800 JavaThread "C2 CompilerThread1" daemon [_thread_blocked, id=5383, stack(0x00007fafc19d1000,0x00007fafc1ad1000)]
  0x00007faff80c3800 JavaThread "C2 CompilerThread0" daemon [_thread_blocked, id=5382, stack(0x00007fafc1ad2000,0x00007fafc1bd2000)]
  0x00007faff80c2000 JavaThread "Signal Dispatcher" daemon [_thread_blocked, id=5381, stack(0x00007fafc1bd2000,0x00007fafc1cd3000)]
  0x00007faff808e000 JavaThread "Finalizer" daemon [_thread_blocked, id=5380, stack(0x00007fafc26a5000,0x00007fafc27a6000)]
  0x00007faff808b800 JavaThread "Reference Handler" daemon [_thread_blocked, id=5379, stack(0x00007fafc27a6000,0x00007fafc28a7000)]
  0x00007faff800b800 JavaThread "main" [_thread_blocked, id=5369, stack(0x00007faffff3f000,0x00007fb00003f000)]

Other Threads:
=>0x00007faff8082000 VMThread [stack: 0x00007fafc28a8000,0x00007fafc29a8000] [id=5378]
  0x00007faff80d0000 WatcherThread [stack: 0x00007fafc15cd000,0x00007fafc16cd000] [id=5387]

VM state:at safepoint (normal execution)

VM Mutex/Monitor currently owned by a thread:  ([mutex/lock_event])
[0x00007faff8007880] ExpandHeap_lock - owner thread: 0x00007faff8082000
[0x00007faff8007f00] Threads_lock - owner thread: 0x00007faff8082000
[0x00007faff8008400] Heap_lock - owner thread: 0x00007faff800b800

heap address: 0x000000008c000000, size: 1856 MB, Compressed Oops mode: 32-bit
Narrow klass base: 0x0000000000000000, Narrow klass shift: 3
Compressed class space size: 1073741824 Address: 0x0000000100000000

Heap:
 PSYoungGen      total 520192K, used 0K [0x00000000d9580000, 0x0000000100000000, 0x0000000100000000)
  eden space 496640K, 0% used [0x00000000d9580000,0x00000000d9580000,0x00000000f7a80000)
  from space 23552K, 0% used [0x00000000f7a80000,0x00000000f7a80000,0x00000000f9180000)
  to   space 33280K, 0% used [0x00000000fdf80000,0x00000000fdf80000,0x0000000100000000)
 ParOldGen       total 66048K, used 59516K [0x000000008c000000, 0x0000000090080000, 0x00000000d9580000)
  object space 66048K, 90% used [0x000000008c000000,0x000000008fa1f310,0x0000000090080000)
 Metaspace       used 24081K, capacity 25082K, committed 25264K, reserved 1071104K
  class space    used 2743K, capacity 2988K, committed 2992K, reserved 1048576K

Card table byte_map: [0x00007faffc89d000,0x00007faffcc3e000] byte_map_base: 0x00007faffc43d000

Marking Bits: (ParMarkBitMap*) 0x00007fafff40bd80
 Begin Bits: [0x00007fafc8600000, 0x00007fafca300000)
 End Bits:   [0x00007fafca300000, 0x00007fafcc000000)

Polling page: 0x00007fb000079000

CodeCache: size=245760Kb used=18543Kb max_used=19008Kb free=227216Kb
 bounds [0x00007fafe9000000, 0x00007fafea2b0000, 0x00007faff8000000]
 total_blobs=5178 nmethods=4809 adapters=281
 compilation: enabled

Compilation events (10 events):
Event: 7,322 Thread 0x00007faff80ca800 5728       3       org.fusesource.jansi.Ansi::toString (12 bytes)
Event: 7,322 Thread 0x00007faff80ca800 nmethod 5728 0x00007fafe9926e10 code [0x00007fafe9926fa0, 0x00007fafe99272b8]
Event: 7,322 Thread 0x00007faff80ca800 5726       3       org.apache.maven.shared.utils.logging.AnsiMessageBuilder::info (21 bytes)
Event: 7,322 Thread 0x00007faff80ca800 nmethod 5726 0x00007fafe91d9c50 code [0x00007fafe91d9e40, 0x00007fafe91da5f8]
Event: 7,322 Thread 0x00007faff80ca800 5727       3       org.fusesource.jansi.Ansi::a (15 bytes)
Event: 7,322 Thread 0x00007faff80ca800 nmethod 5727 0x00007fafe94e6a90 code [0x00007fafe94e6c20, 0x00007fafe94e6ed8]
Event: 7,846 Thread 0x00007faff80c8800 5729       4       org.codehaus.plexus.archiver.zip.AbstractZipArchiver::addParentDirs (210 bytes)
Event: 7,876 Thread 0x00007faff80c8800 nmethod 5729 0x00007fafe97715d0 code [0x00007fafe97718a0, 0x00007fafe9773188]
Event: 7,948 Thread 0x00007faff80c6800 5730       4       java.net.URI$Parser::scan (73 bytes)
Event: 7,952 Thread 0x00007faff80c6800 nmethod 5730 0x00007fafea075010 code [0x00007fafea075180, 0x00007fafea0755b8]

GC Heap History (10 events):
Event: 5,140 GC heap after
Heap after GC invocations=14 (full 1):
 PSYoungGen      total 294912K, used 12064K [0x00000000d9580000, 0x00000000f2480000, 0x0000000100000000)
  eden space 282624K, 0% used [0x00000000d9580000,0x00000000d9580000,0x00000000ea980000)
  from space 12288K, 98% used [0x00000000ea980000,0x00000000eb548010,0x00000000eb580000)
  to   space 13312K, 0% used [0x00000000f1780000,0x00000000f1780000,0x00000000f2480000)
 ParOldGen       total 66048K, used 14772K [0x000000008c000000, 0x0000000090080000, 0x00000000d9580000)
  object space 66048K, 22% used [0x000000008c000000,0x000000008ce6d2a8,0x0000000090080000)
 Metaspace       used 23777K, capacity 24762K, committed 25008K, reserved 1071104K
  class space    used 2733K, capacity 2988K, committed 2992K, reserved 1048576K
}
Event: 5,310 GC heap before
{Heap before GC invocations=15 (full 1):
 PSYoungGen      total 294912K, used 294688K [0x00000000d9580000, 0x00000000f2480000, 0x0000000100000000)
  eden space 282624K, 100% used [0x00000000d9580000,0x00000000ea980000,0x00000000ea980000)
  from space 12288K, 98% used [0x00000000ea980000,0x00000000eb548010,0x00000000eb580000)
  to   space 13312K, 0% used [0x00000000f1780000,0x00000000f1780000,0x00000000f2480000)
 ParOldGen       total 66048K, used 14772K [0x000000008c000000, 0x0000000090080000, 0x00000000d9580000)
  object space 66048K, 22% used [0x000000008c000000,0x000000008ce6d2a8,0x0000000090080000)
 Metaspace       used 23777K, capacity 24762K, committed 25008K, reserved 1071104K
  class space    used 2733K, capacity 2988K, committed 2992K, reserved 1048576K
Event: 5,315 GC heap after
Heap after GC invocations=15 (full 1):
 PSYoungGen      total 392704K, used 13280K [0x00000000d9580000, 0x00000000f2500000, 0x0000000100000000)
  eden space 379392K, 0% used [0x00000000d9580000,0x00000000d9580000,0x00000000f0800000)
  from space 13312K, 99% used [0x00000000f1780000,0x00000000f2478010,0x00000000f2480000)
  to   space 14848K, 0% used [0x00000000f0800000,0x00000000f0800000,0x00000000f1680000)
 ParOldGen       total 66048K, used 14844K [0x000000008c000000, 0x0000000090080000, 0x00000000d9580000)
  object space 66048K, 22% used [0x000000008c000000,0x000000008ce7f2a8,0x0000000090080000)
 Metaspace       used 23777K, capacity 24762K, committed 25008K, reserved 1071104K
  class space    used 2733K, capacity 2988K, committed 2992K, reserved 1048576K
}
Event: 5,615 GC heap before
{Heap before GC invocations=16 (full 1):
 PSYoungGen      total 392704K, used 392672K [0x00000000d9580000, 0x00000000f2500000, 0x0000000100000000)
  eden space 379392K, 100% used [0x00000000d9580000,0x00000000f0800000,0x00000000f0800000)
  from space 13312K, 99% used [0x00000000f1780000,0x00000000f2478010,0x00000000f2480000)
  to   space 14848K, 0% used [0x00000000f0800000,0x00000000f0800000,0x00000000f1680000)
 ParOldGen       total 66048K, used 14844K [0x000000008c000000, 0x0000000090080000, 0x00000000d9580000)
  object space 66048K, 22% used [0x000000008c000000,0x000000008ce7f2a8,0x0000000090080000)
 Metaspace       used 23898K, capacity 24954K, committed 25008K, reserved 1071104K
  class space    used 2738K, capacity 2988K, committed 2992K, reserved 1048576K
Event: 5,623 GC heap after
Heap after GC invocations=16 (full 1):
 PSYoungGen      total 394240K, used 11744K [0x00000000d9580000, 0x00000000fa080000, 0x0000000100000000)
  eden space 379392K, 0% used [0x00000000d9580000,0x00000000d9580000,0x00000000f0800000)
  from space 14848K, 79% used [0x00000000f0800000,0x00000000f1378010,0x00000000f1680000)
  to   space 15360K, 0% used [0x00000000f9180000,0x00000000f9180000,0x00000000fa080000)
 ParOldGen       total 66048K, used 18592K [0x000000008c000000, 0x0000000090080000, 0x00000000d9580000)
  object space 66048K, 28% used [0x000000008c000000,0x000000008d2282b8,0x0000000090080000)
 Metaspace       used 23898K, capacity 24954K, committed 25008K, reserved 1071104K
  class space    used 2738K, capacity 2988K, committed 2992K, reserved 1048576K
}
Event: 6,972 GC heap before
{Heap before GC invocations=17 (full 1):
 PSYoungGen      total 394240K, used 391136K [0x00000000d9580000, 0x00000000fa080000, 0x0000000100000000)
  eden space 379392K, 100% used [0x00000000d9580000,0x00000000f0800000,0x00000000f0800000)
  from space 14848K, 79% used [0x00000000f0800000,0x00000000f1378010,0x00000000f1680000)
  to   space 15360K, 0% used [0x00000000f9180000,0x00000000f9180000,0x00000000fa080000)
 ParOldGen       total 66048K, used 18592K [0x000000008c000000, 0x0000000090080000, 0x00000000d9580000)
  object space 66048K, 28% used [0x000000008c000000,0x000000008d2282b8,0x0000000090080000)
 Metaspace       used 24081K, capacity 25082K, committed 25264K, reserved 1071104K
  class space    used 2743K, capacity 2988K, committed 2992K, reserved 1048576K
Event: 7,011 GC heap after
Heap after GC invocations=17 (full 1):
 PSYoungGen      total 512000K, used 15339K [0x00000000d9580000, 0x00000000fae80000, 0x0000000100000000)
  eden space 496640K, 0% used [0x00000000d9580000,0x00000000d9580000,0x00000000f7a80000)
  from space 15360K, 99% used [0x00000000f9180000,0x00000000fa07aca0,0x00000000fa080000)
  to   space 23552K, 0% used [0x00000000f7a80000,0x00000000f7a80000,0x00000000f9180000)
 ParOldGen       total 66048K, used 35796K [0x000000008c000000, 0x0000000090080000, 0x00000000d9580000)
  object space 66048K, 54% used [0x000000008c000000,0x000000008e2f5338,0x0000000090080000)
 Metaspace       used 24081K, capacity 25082K, committed 25264K, reserved 1071104K
  class space    used 2743K, capacity 2988K, committed 2992K, reserved 1048576K
}
Event: 8,697 GC heap before
{Heap before GC invocations=18 (full 1):
 PSYoungGen      total 512000K, used 511979K [0x00000000d9580000, 0x00000000fae80000, 0x0000000100000000)
  eden space 496640K, 100% used [0x00000000d9580000,0x00000000f7a80000,0x00000000f7a80000)
  from space 15360K, 99% used [0x00000000f9180000,0x00000000fa07aca0,0x00000000fa080000)
  to   space 23552K, 0% used [0x00000000f7a80000,0x00000000f7a80000,0x00000000f9180000)
 ParOldGen       total 66048K, used 35796K [0x000000008c000000, 0x0000000090080000, 0x00000000d9580000)
  object space 66048K, 54% used [0x000000008c000000,0x000000008e2f5338,0x0000000090080000)
 Metaspace       used 24081K, capacity 25082K, committed 25264K, reserved 1071104K
  class space    used 2743K, capacity 2988K, committed 2992K, reserved 1048576K
Event: 8,999 GC heap after
Heap after GC invocations=18 (full 1):
 PSYoungGen      total 520192K, used 23545K [0x00000000d9580000, 0x0000000100000000, 0x0000000100000000)
  eden space 496640K, 0% used [0x00000000d9580000,0x00000000d9580000,0x00000000f7a80000)
  from space 23552K, 99% used [0x00000000f7a80000,0x00000000f917e510,0x00000000f9180000)
  to   space 33280K, 0% used [0x00000000fdf80000,0x00000000fdf80000,0x0000000100000000)
 ParOldGen       total 66048K, used 52956K [0x000000008c000000, 0x0000000090080000, 0x00000000d9580000)
  object space 66048K, 80% used [0x000000008c000000,0x000000008f3b7038,0x0000000090080000)
 Metaspace       used 24081K, capacity 25082K, committed 25264K, reserved 1071104K
  class space    used 2743K, capacity 2988K, committed 2992K, reserved 1048576K
}
Event: 9,102 GC heap before
{Heap before GC invocations=19 (full 2):
 PSYoungGen      total 520192K, used 23545K [0x00000000d9580000, 0x0000000100000000, 0x0000000100000000)
  eden space 496640K, 0% used [0x00000000d9580000,0x00000000d9580000,0x00000000f7a80000)
  from space 23552K, 99% used [0x00000000f7a80000,0x00000000f917e510,0x00000000f9180000)
  to   space 33280K, 0% used [0x00000000fdf80000,0x00000000fdf80000,0x0000000100000000)
 ParOldGen       total 66048K, used 52956K [0x000000008c000000, 0x0000000090080000, 0x00000000d9580000)
  object space 66048K, 80% used [0x000000008c000000,0x000000008f3b7038,0x0000000090080000)
 Metaspace       used 24081K, capacity 25082K, committed 25264K, reserved 1071104K
  class space    used 2743K, capacity 2988K, committed 2992K, reserved 1048576K

Deoptimization events (10 events):
Event: 5,665 Thread 0x00007faff800b800 Uncommon trap: reason=class_check action=maybe_recompile pc=0x00007fafe9643854 method=org.codehaus.plexus.archiver.filters.JarSecurityFileSelector.isSelected(Lorg/codehaus/plexus/components/io/fileselectors/FileInfo;)Z @ 1
Event: 5,665 Thread 0x00007faff800b800 Uncommon trap: reason=class_check action=maybe_recompile pc=0x00007fafe9643854 method=org.codehaus.plexus.archiver.filters.JarSecurityFileSelector.isSelected(Lorg/codehaus/plexus/components/io/fileselectors/FileInfo;)Z @ 1
Event: 5,668 Thread 0x00007faff800b800 Uncommon trap: reason=unstable_if action=reinterpret pc=0x00007fafe9a2a4f4 method=java.util.Vector.indexOf(Ljava/lang/Object;I)I @ 54
Event: 5,668 Thread 0x00007faff800b800 Uncommon trap: reason=unstable_if action=reinterpret pc=0x00007fafe9fc596c method=java.util.Vector.removeElementAt(I)V @ 75
Event: 5,671 Thread 0x00007faff800b800 Uncommon trap: reason=unstable_if action=reinterpret pc=0x00007fafe96b6bf4 method=sun.util.calendar.BaseCalendar$Date.hit(J)Z @ 15
Event: 5,671 Thread 0x00007faff800b800 Uncommon trap: reason=unstable_if action=reinterpret pc=0x00007fafe9ddd9d4 method=sun.util.calendar.BaseCalendar.getFixedDate(IIILsun/util/calendar/BaseCalendar$Date;)J @ 19
Event: 5,671 Thread 0x00007faff800b800 Uncommon trap: reason=unstable_if action=reinterpret pc=0x00007fafe9ce190c method=sun.util.calendar.CalendarDate.setMillis(I)Lsun/util/calendar/CalendarDate; @ 5
Event: 5,671 Thread 0x00007faff800b800 Uncommon trap: reason=unstable_if action=reinterpret pc=0x00007fafe961f104 method=sun.util.calendar.BaseCalendar$Date.hit(J)Z @ 15
Event: 5,671 Thread 0x00007faff800b800 Uncommon trap: reason=unstable_if action=reinterpret pc=0x00007fafe945af80 method=sun.util.calendar.CalendarDate.setMillis(I)Lsun/util/calendar/CalendarDate; @ 5
Event: 6,889 Thread 0x00007faff800b800 Uncommon trap: reason=unstable_if action=reinterpret pc=0x00007fafe93524c8 method=java.util.Hashtable.contains(Ljava/lang/Object;)Z @ 24

Classes redefined (0 events):
No events

Internal exceptions (10 events):
Event: 2,323 Thread 0x00007faff800b800 Implicit null exception at 0x00007fafe9b6d676 to 0x00007fafe9b6fb51
Event: 2,325 Thread 0x00007faff800b800 Implicit null exception at 0x00007fafe9ba33cd to 0x00007fafe9ba52a9
Event: 3,001 Thread 0x00007faff800b800 Exception <a 'java/lang/NoSuchFieldError': method resolution failed> (0x00000000da6a2be0) thrown at [/HUDSON/workspace/8-2-build-linux-amd64/jdk8u201/12317/hotspot/src/share/vm/prims/methodHandles.cpp, line 1167]
Event: 3,002 Thread 0x00007faff800b800 Exception <a 'java/lang/NoSuchFieldError': method resolution failed> (0x00000000da6b02a0) thrown at [/HUDSON/workspace/8-2-build-linux-amd64/jdk8u201/12317/hotspot/src/share/vm/prims/methodHandles.cpp, line 1167]
Event: 3,045 Thread 0x00007faff800b800 Implicit null exception at 0x00007fafe9c1c82f to 0x00007fafe9c1cd81
Event: 3,100 Thread 0x00007faff800b800 Implicit null exception at 0x00007fafe9eb299b to 0x00007fafe9eb32f5
Event: 3,929 Thread 0x00007faff800b800 Implicit null exception at 0x00007fafe9133c7a to 0x00007fafe9134629
Event: 4,107 Thread 0x00007faff8fb5800 Implicit null exception at 0x00007fafea07cac0 to 0x00007fafea07d2fd
Event: 4,107 Thread 0x00007faff8fb1800 Implicit null exception at 0x00007fafea07cac0 to 0x00007fafea07d2fd
Event: 5,671 Thread 0x00007faff800b800 Implicit null exception at 0x00007fafe9ddd678 to 0x00007fafe9ddd9b1

Events (10 events):
Event: 5,961 Thread 0x00007faff800b800 DEOPT PACKING pc=0x00007fafe97e1cc0 sp=0x00007fb00003c360
Event: 5,961 Thread 0x00007faff800b800 DEOPT UNPACKING pc=0x00007fafe9047784 sp=0x00007fb00003c0a8 mode 0
Event: 6,163 loading class java/net/Proxy
Event: 6,164 loading class java/net/Proxy done
Event: 6,889 Thread 0x00007faff800b800 Uncommon trap: trap_request=0xffffff65 fr.pc=0x00007fafe93524c8
Event: 6,889 Thread 0x00007faff800b800 DEOPT PACKING pc=0x00007fafe93524c8 sp=0x00007fb00003c4d0
Event: 6,889 Thread 0x00007faff800b800 DEOPT UNPACKING pc=0x00007fafe904573a sp=0x00007fb00003c458 mode 2
Event: 6,972 Executing VM operation: ParallelGCFailedAllocation
Event: 7,011 Executing VM operation: ParallelGCFailedAllocation done
Event: 8,695 Executing VM operation: ParallelGCFailedAllocation


Dynamic libraries:
00400000-00401000 r-xp 00000000 fd:01 803156                             /usr/lib/jvm/java-8-oracle/bin/java
00600000-00601000 r--p 00000000 fd:01 803156                             /usr/lib/jvm/java-8-oracle/bin/java
00601000-00602000 rw-p 00001000 fd:01 803156                             /usr/lib/jvm/java-8-oracle/bin/java
01391000-013b2000 rw-p 00000000 00:00 0                                  [heap]
8c000000-90080000 rw-p 00000000 00:00 0 
95b80000-d9580000 ---p 00000000 00:00 0 
d9580000-100000000 rw-p 00000000 00:00 0 
100000000-1002ec000 rw-p 00000000 00:00 0 
1002ec000-140000000 ---p 00000000 00:00 0 
7faf70000000-7faf70021000 rw-p 00000000 00:00 0 
7faf70021000-7faf74000000 ---p 00000000 00:00 0 
7faf78000000-7faf78021000 rw-p 00000000 00:00 0 
7faf78021000-7faf7c000000 ---p 00000000 00:00 0 
7faf7c000000-7faf7c021000 rw-p 00000000 00:00 0 
7faf7c021000-7faf80000000 ---p 00000000 00:00 0 
7faf80000000-7faf80021000 rw-p 00000000 00:00 0 
7faf80021000-7faf84000000 ---p 00000000 00:00 0 
7faf84000000-7faf84021000 rw-p 00000000 00:00 0 
7faf84021000-7faf88000000 ---p 00000000 00:00 0 
7faf88000000-7faf88021000 rw-p 00000000 00:00 0 
7faf88021000-7faf8c000000 ---p 00000000 00:00 0 
7faf8c000000-7faf8c021000 rw-p 00000000 00:00 0 
7faf8c021000-7faf90000000 ---p 00000000 00:00 0 
7faf90000000-7faf90021000 rw-p 00000000 00:00 0 
7faf90021000-7faf94000000 ---p 00000000 00:00 0 
7faf94000000-7faf94021000 rw-p 00000000 00:00 0 
7faf94021000-7faf98000000 ---p 00000000 00:00 0 
7faf98939000-7faf98944000 r--s 00069000 fd:01 2229803                    /home/alogo/.m2/repository/com/amazonaws/aws-java-sdk-elasticache/1.10.39/aws-java-sdk-elasticache-1.10.39.jar
7faf98944000-7faf9894d000 r--s 0007e000 fd:01 2229802                    /home/alogo/.m2/repository/com/amazonaws/aws-java-sdk-emr/1.10.39/aws-java-sdk-emr-1.10.39.jar
7faf9894d000-7faf98957000 r--s 00050000 fd:01 2229800                    /home/alogo/.m2/repository/com/amazonaws/aws-java-sdk-elasticloadbalancing/1.10.39/aws-java-sdk-elasticloadbalancing-1.10.39.jar
7faf98957000-7faf9895d000 r--s 00047000 fd:01 2229799                    /home/alogo/.m2/repository/com/amazonaws/aws-java-sdk-datapipeline/1.10.39/aws-java-sdk-datapipeline-1.10.39.jar
7faf9895d000-7faf98975000 r--s 000db000 fd:01 2229795                    /home/alogo/.m2/repository/com/amazonaws/aws-java-sdk-iam/1.10.39/aws-java-sdk-iam-1.10.39.jar
7faf98975000-7faf9897b000 r--s 00032000 fd:01 2229809                    /home/alogo/.m2/repository/com/amazonaws/aws-java-sdk-sns/1.10.39/aws-java-sdk-sns-1.10.39.jar
7faf9897b000-7faf98983000 r--s 00052000 fd:01 2229794                    /home/alogo/.m2/repository/com/amazonaws/aws-java-sdk-glacier/1.10.39/aws-java-sdk-glacier-1.10.39.jar
7faf98983000-7faf9898c000 r--s 0008b000 fd:01 2229792                    /home/alogo/.m2/repository/com/amazonaws/aws-java-sdk-elasticbeanstalk/1.10.39/aws-java-sdk-elasticbeanstalk-1.10.39.jar
7faf9898c000-7faf9899e000 r--s 0009d000 fd:01 2229788                    /home/alogo/.m2/repository/com/amazonaws/aws-java-sdk-redshift/1.10.39/aws-java-sdk-redshift-1.10.39.jar
7faf9899e000-7faf989b1000 r--s 000cd000 fd:01 2229789                    /home/alogo/.m2/repository/com/amazonaws/aws-java-sdk-rds/1.10.39/aws-java-sdk-rds-1.10.39.jar
7faf989b1000-7faf989b7000 r--s 00037000 fd:01 2229787                    /home/alogo/.m2/repository/com/amazonaws/aws-java-sdk-sqs/1.10.39/aws-java-sdk-sqs-1.10.39.jar
7faf989b7000-7faf989bb000 r--s 00014000 fd:01 2229786                    /home/alogo/.m2/repository/com/amazonaws/aws-java-sdk-sts/1.10.39/aws-java-sdk-sts-1.10.39.jar
7faf989bb000-7faf989be000 r--s 0001c000 fd:01 2229781                    /home/alogo/.m2/repository/com/amazonaws/aws-java-sdk-importexport/1.10.39/aws-java-sdk-importexport-1.10.39.jar
7faf989be000-7faf989c3000 r--s 00051000 fd:01 2229848                    /home/alogo/.m2/repository/com/amazonaws/aws-java-sdk-kms/1.10.39/aws-java-sdk-kms-1.10.39.jar
7faf989c3000-7faf989d0000 r--s 00087000 fd:01 2229779                    /home/alogo/.m2/repository/com/amazonaws/aws-java-sdk-s3/1.10.39/aws-java-sdk-s3-1.10.39.jar
7faf989d0000-7faf989e2000 r--s 000d1000 fd:01 2229777                    /home/alogo/.m2/repository/com/amazonaws/aws-java-sdk-route53/1.10.39/aws-java-sdk-route53-1.10.39.jar
7faf989e2000-7faf989ee000 r--s 00097000 fd:01 2229776                    /home/alogo/.m2/repository/com/amazonaws/aws-java-sdk-storagegateway/1.10.39/aws-java-sdk-storagegateway-1.10.39.jar
7faf989ee000-7faf989fb000 r--s 0008c000 fd:01 2229773                    /home/alogo/.m2/repository/com/amazonaws/aws-java-sdk-simpleworkflow/1.10.39/aws-java-sdk-simpleworkflow-1.10.39.jar
7faf989fb000-7faf98a0b000 r--s 00088000 fd:01 13108980                   /home/alogo/.m2/repository/joda-time/joda-time/2.8.1/joda-time-2.8.1.jar
7faf98a0b000-7faf98a12000 r--s 0003f000 fd:01 12323467                   /home/alogo/.m2/repository/commons-codec/commons-codec/1.10/commons-codec-1.10.jar
7faf98a12000-7faf98a15000 r--s 0000c000 fd:01 13107927                   /home/alogo/.m2/repository/org/codehaus/plexus/plexus-io/2.0.10/plexus-io-2.0.10.jar
7faf98a16000-7faf98a1a000 r--s 0001c000 fd:01 2229772                    /home/alogo/.m2/repository/com/amazonaws/aws-java-sdk-simpledb/1.10.39/aws-java-sdk-simpledb-1.10.39.jar
7faf98a1a000-7faf98a21000 r--s 0003f000 fd:01 2359965                    /home/alogo/.m2/repository/org/apache/httpcomponents/httpcore/4.3.3/httpcore-4.3.3.jar
7faf98a21000-7faf98a2d000 r--s 00085000 fd:01 2359966                    /home/alogo/.m2/repository/org/apache/httpcomponents/httpclient/4.3.6/httpclient-4.3.6.jar
7faf98a2d000-7faf98a32000 r--s 00024000 fd:01 13107930                   /home/alogo/.m2/repository/org/codehaus/plexus/plexus-archiver/2.4.4/plexus-archiver-2.4.4.jar
7faf98a33000-7faf98a3f000 r--s 0007d000 fd:01 2229883                    /home/alogo/.m2/repository/com/amazonaws/aws-java-sdk-core/1.10.39/aws-java-sdk-core-1.10.39.jar
7faf98a3f000-7faf98a45000 r--s 00040000 fd:01 2229774                    /home/alogo/.m2/repository/com/amazonaws/aws-java-sdk-support/1.10.39/aws-java-sdk-support-1.10.39.jar
7faf98a45000-7faf98a46000 r--s 00000000 fd:01 2229771                    /home/alogo/.m2/repository/com/amazonaws/aws-java-sdk/1.10.39/aws-java-sdk-1.10.39.jar
7faf98a46000-7faf98a49000 r--s 00030000 fd:01 13504768                   /home/alogo/.m2/repository/nl/uva/sne/drip/drip-provisioning-agent/1.0-SNAPSHOT/drip-provisioning-agent-1.0-SNAPSHOT.jar
7faf98a49000-7faf98a54000 r--s 0006b000 fd:01 13504194                   /home/alogo/.m2/repository/com/rabbitmq/amqp-client/4.0.2/amqp-client-4.0.2.jar
7faf98a54000-7faf98a56000 r--s 00003000 fd:01 2234794                    /home/alogo/.m2/repository/com/webcohesion/enunciate/enunciate-core-annotations/2.9.1/enunciate-core-annotations-2.9.1.jar
7faf98a56000-7faf98a58000 r--s 00000000 fd:01 12588746                   /home/alogo/.m2/repository/aopalliance/aopalliance/1.0/aopalliance-1.0.jar
7faf98a58000-7faf98a64000 r--s 00055000 fd:01 13108955                   /home/alogo/.m2/repository/org/springframework/security/spring-security-core/4.2.1.RELEASE/spring-security-core-4.2.1.RELEASE.jar
7faf98a64000-7faf98a6a000 r--s 0003d000 fd:01 12323357                   /home/alogo/.m2/repository/org/yaml/snakeyaml/1.17/snakeyaml-1.17.jar
7faf98a6a000-7faf98a6c000 r--s 0000a000 fd:01 2359904                    /home/alogo/.m2/repository/org/json/json/20090211/json-20090211.jar
7faf98a6c000-7faf98a6e000 r--s 00002000 fd:01 2359902                    /home/alogo/.m2/repository/org/atteo/evo-inflector/1.2.1/evo-inflector-1.2.1.jar
7faf98a6e000-7faf98a7e000 r--s 000b0000 fd:01 12456794                   /home/alogo/.m2/repository/org/springframework/spring-webmvc/4.1.7.RELEASE/spring-webmvc-4.1.7.RELEASE.jar
7faf98a7e000-7faf98a8e000 r--s 000a1000 fd:01 12456792                   /home/alogo/.m2/repository/org/springframework/spring-web/4.1.7.RELEASE/spring-web-4.1.7.RELEASE.jar
7faf98a8e000-7faf98a93000 r--s 0002a000 fd:01 2359963                    /home/alogo/.m2/repository/org/springframework/hateoas/spring-hateoas/0.20.0.RELEASE/spring-hateoas-0.20.0.RELEASE.jar
7faf98a93000-7faf98a98000 r--s 0001b000 fd:01 2359886                    /home/alogo/.m2/repository/org/springframework/data/spring-data-rest-core/2.5.6.RELEASE/spring-data-rest-core-2.5.6.RELEASE.jar
7faf98a98000-7faf98a9c000 r--s 0002a000 fd:01 12330096                   /home/alogo/.m2/repository/commons-io/commons-io/2.4/commons-io-2.4.jar
7faf98a9c000-7faf98a9f000 r--s 0000f000 fd:01 13503991                   /home/alogo/.m2/repository/commons-fileupload/commons-fileupload/1.3.2/commons-fileupload-1.3.2.jar
7faf98a9f000-7faf98aaa000 r--s 00089000 fd:01 2359920                    /home/alogo/.m2/repository/org/mongodb/mongo-java-driver/2.13.0/mongo-java-driver-2.13.0.jar
7faf98aaa000-7faf98aac000 r--s 00003000 fd:01 12456790                   /home/alogo/.m2/repository/org/slf4j/jcl-over-slf4j/1.7.12/jcl-over-slf4j-1.7.12.jar
7faf98aac000-7faf98aae000 r--s 00009000 fd:01 12457133                   /home/alogo/.m2/repository/org/slf4j/slf4j-api/1.7.21/slf4j-api-1.7.21.jar
7faf98aae000-7faf98abe000 r--s 0008c000 fd:01 2359917                    /home/alogo/.m2/repository/org/springframework/data/spring-data-commons/1.11.0.RELEASE/spring-data-commons-1.11.0.RELEASE.jar
7faf98abe000-7faf98ac3000 r--s 0003b000 fd:01 12456787                   /home/alogo/.m2/repository/org/springframework/spring-expression/4.1.7.RELEASE/spring-expression-4.1.7.RELEASE.jar
7faf98ac3000-7faf98acc000 r--s 00054000 fd:01 12456796                   /home/alogo/.m2/repository/org/springframework/spring-aop/4.3.5.RELEASE/spring-aop-4.3.5.RELEASE.jar
7faf98acc000-7faf98add000 r--s 00093000 fd:01 2360816                    /home/alogo/.m2/repository/org/springframework/spring-context/3.0.7.RELEASE/spring-context-3.0.7.RELEASE.jar
7faf98add000-7faf98adf000 r--s 0000e000 fd:01 2229889                    /home/alogo/.m2/repository/commons-logging/commons-logging/1.1.3/commons-logging-1.1.3.jar
7faf98adf000-7faf98ae8000 r--s 00055000 fd:01 1710906                    /home/alogo/.m2/repository/org/springframework/spring-core/3.0.7.RELEASE/spring-core-3.0.7.RELEASE.jar
7faf98ae8000-7faf98af3000 r--s 0007d000 fd:01 12981781                   /home/alogo/.m2/repository/org/springframework/spring-beans/3.0.7.RELEASE/spring-beans-3.0.7.RELEASE.jar
7faf98af3000-7faf98afa000 r--s 00037000 fd:01 12456779                   /home/alogo/.m2/repository/org/springframework/spring-tx/4.1.7.RELEASE/spring-tx-4.1.7.RELEASE.jar
7faf98afa000-7faf98afd000 ---p 00000000 00:00 0 
7faf98afd000-7faf98bfb000 rw-p 00000000 00:00 0 
7faf98bfb000-7faf98bfe000 ---p 00000000 00:00 0 
7faf98bfe000-7faf98cfc000 rw-p 00000000 00:00 0 
7faf98cfc000-7faf98cff000 ---p 00000000 00:00 0 
7faf98cff000-7faf98dfd000 rw-p 00000000 00:00 0 
7faf98dfd000-7faf98e00000 ---p 00000000 00:00 0 
7faf98e00000-7faf98efe000 rw-p 00000000 00:00 0 
7faf98efe000-7faf98f01000 ---p 00000000 00:00 0 
7faf98f01000-7faf9c000000 rw-p 00000000 00:00 0 
7faf9c000000-7faf9d0d9000 rw-p 00000000 00:00 0 
7faf9d0d9000-7fafa0000000 ---p 00000000 00:00 0 
7fafa0000000-7fafa0021000 rw-p 00000000 00:00 0 
7fafa0021000-7fafa4000000 ---p 00000000 00:00 0 
7fafa4000000-7fafa5e5e000 rw-p 00000000 00:00 0 
7fafa5e5e000-7fafa8000000 ---p 00000000 00:00 0 
7fafa8000000-7fafa9f18000 rw-p 00000000 00:00 0 
7fafa9f18000-7fafac000000 ---p 00000000 00:00 0 
7fafac000000-7fafac021000 rw-p 00000000 00:00 0 
7fafac021000-7fafb0000000 ---p 00000000 00:00 0 
7fafb0000000-7fafb19c4000 rw-p 00000000 00:00 0 
7fafb19c4000-7fafb4000000 ---p 00000000 00:00 0 
7fafb4000000-7fafb4021000 rw-p 00000000 00:00 0 
7fafb4021000-7fafb8000000 ---p 00000000 00:00 0 
7fafb8000000-7fafb8021000 rw-p 00000000 00:00 0 
7fafb8021000-7fafbc000000 ---p 00000000 00:00 0 
7fafbc000000-7fafbc29e000 rw-p 00000000 00:00 0 
7fafbc29e000-7fafc0000000 ---p 00000000 00:00 0 
7fafc0000000-7fafc0001000 r--s 00004000 fd:01 2359900                    /home/alogo/.m2/repository/org/springframework/plugin/spring-plugin-core/1.2.0.RELEASE/spring-plugin-core-1.2.0.RELEASE.jar
7fafc0001000-7fafc0002000 r--s 0000c000 fd:01 2360821                    /home/alogo/.m2/repository/org/springframework/spring-asm/3.0.7.RELEASE/spring-asm-3.0.7.RELEASE.jar
7fafc0002000-7fafc0011000 r--s 00091000 fd:01 2359880                    /home/alogo/.m2/repository/org/springframework/data/spring-data-mongodb/1.8.0.RELEASE/spring-data-mongodb-1.8.0.RELEASE.jar
7fafc0011000-7fafc0015000 r--s 00041000 fd:01 2500953                    /home/alogo/.m2/repository/com/fasterxml/jackson/core/jackson-core/2.8.6/jackson-core-2.8.6.jar
7fafc0015000-7fafc0018000 r--s 0000b000 fd:01 2364600                    /home/alogo/.m2/repository/com/fasterxml/jackson/core/jackson-annotations/2.8.0/jackson-annotations-2.8.0.jar
7fafc0018000-7fafc0029000 r--s 0011d000 fd:01 2359879                    /home/alogo/.m2/repository/com/fasterxml/jackson/core/jackson-databind/2.8.6/jackson-databind-2.8.6.jar
7fafc0029000-7fafc002c000 r--s 0000c000 fd:01 13504716                   /home/alogo/.m2/repository/nl/uva/sne/drip/drip-commons/1.0-SNAPSHOT/drip-commons-1.0-SNAPSHOT.jar
7fafc002c000-7fafc002f000 ---p 00000000 00:00 0 
7fafc002f000-7fafc012d000 rw-p 00000000 00:00 0 
7fafc012d000-7fafc0130000 ---p 00000000 00:00 0 
7fafc0130000-7fafc03ee000 rw-p 00000000 00:00 0 
7fafc03ee000-7fafc042e000 ---p 00000000 00:00 0 
7fafc042e000-7fafc0431000 ---p 00000000 00:00 0 
7fafc0431000-7fafc0467000 rw-p 00000000 00:00 0 
7fafc0467000-7fafc0468000 r--p 00000000 00:00 0 
7fafc0468000-7fafc0469000 r--s 00005000 fd:01 13109254                   /home/alogo/.m2/repository/org/apache/maven/shared/maven-repository-builder/1.0-alpha-2/maven-repository-builder-1.0-alpha-2.jar
7fafc0469000-7fafc046d000 r--s 00033000 fd:01 530510                     /home/alogo/.m2/repository/org/codehaus/plexus/plexus-utils/2.0.1/plexus-utils-2.0.1.jar
7fafc046d000-7fafc046e000 r--s 00004000 fd:01 530501                     /home/alogo/.m2/repository/org/apache/maven/maven-archiver/2.4/maven-archiver-2.4.jar
7fafc046e000-7fafc0470000 r--s 0000a000 fd:01 530497                     /home/alogo/.m2/repository/org/codehaus/plexus/plexus-io/1.0-alpha-4/plexus-io-1.0-alpha-4.jar
7fafc0470000-7fafc0472000 r--s 00004000 fd:01 530495                     /home/alogo/.m2/repository/org/codehaus/plexus/plexus-active-collections/1.0-beta-2/plexus-active-collections-1.0-beta-2.jar
7fafc0472000-7fafc0474000 r--s 00007000 fd:01 12980068                   /home/alogo/.m2/repository/org/apache/maven/shared/maven-filtering/1.0-beta-2/maven-filtering-1.0-beta-2.jar
7fafc0474000-7fafc0476000 r--s 00008000 fd:01 12979550                   /home/alogo/.m2/repository/org/apache/maven/shared/maven-shared-io/1.1/maven-shared-io-1.1.jar
7fafc0476000-7fafc0478000 r--s 00006000 fd:01 12981681                   /home/alogo/.m2/repository/org/apache/maven/shared/file-management/1.1/file-management-1.1.jar
7fafc0478000-7fafc047c000 r--s 00028000 fd:01 530493                     /home/alogo/.m2/repository/org/codehaus/plexus/plexus-archiver/1.0-alpha-12/plexus-archiver-1.0-alpha-12.jar
7fafc047c000-7fafc047e000 r--s 0000b000 fd:01 530491                     /home/alogo/.m2/repository/org/codehaus/plexus/plexus-interpolation/1.7/plexus-interpolation-1.7.jar
7fafc047e000-7fafc047f000 r--s 00007000 fd:01 530489                     /home/alogo/.m2/repository/org/apache/maven/shared/maven-plugin-testing-harness/1.1/maven-plugin-testing-harness-1.1.jar
7fafc047f000-7fafc0481000 r--s 00006000 fd:01 530487                     /home/alogo/.m2/repository/org/apache/maven/shared/maven-common-artifact-filters/1.1/maven-common-artifact-filters-1.1.jar
7fafc0481000-7fafc0485000 r--s 0002f000 fd:01 11936626                   /home/alogo/.m2/repository/org/apache/maven/plugins/maven-assembly-plugin/2.2-beta-5/maven-assembly-plugin-2.2-beta-5.jar
7fafc0485000-7fafc0685000 rw-p 00000000 00:00 0 
7fafc0685000-7fafc0689000 r--s 00034000 fd:01 12981694                   /home/alogo/.m2/repository/org/codehaus/plexus/plexus-utils/3.0/plexus-utils-3.0.jar
7fafc0689000-7fafc068d000 r--s 0002f000 fd:01 12981693                   /home/alogo/.m2/repository/commons-lang/commons-lang/2.1/commons-lang-2.1.jar
7fafc068d000-7fafc0690000 r--s 0000c000 fd:01 12979652                   /home/alogo/.m2/repository/org/codehaus/plexus/plexus-io/2.0.2/plexus-io-2.0.2.jar
7fafc0690000-7fafc0695000 r--s 00029000 fd:01 12979651                   /home/alogo/.m2/repository/org/codehaus/plexus/plexus-archiver/2.1/plexus-archiver-2.1.jar
7fafc0695000-7fafc0697000 r--s 0000d000 fd:01 12980059                   /home/alogo/.m2/repository/org/codehaus/plexus/plexus-interpolation/1.15/plexus-interpolation-1.15.jar
7fafc0697000-7fafc0699000 r--s 00004000 fd:01 12980060                   /home/alogo/.m2/repository/org/apache/maven/maven-archiver/2.5/maven-archiver-2.5.jar
7fafc0699000-7fafc069b000 r--s 00007000 fd:01 527062                     /home/alogo/.m2/repository/org/apache/maven/plugins/maven-jar-plugin/2.4/maven-jar-plugin-2.4.jar
7fafc069b000-7fafc069d000 r--s 00002000 fd:01 526647                     /home/alogo/.m2/repository/org/apache/maven/plugin-tools/maven-plugin-annotations/3.1/maven-plugin-annotations-3.1.jar
7fafc069d000-7fafc069e000 r--s 00002000 fd:01 12329854                   /home/alogo/.m2/repository/org/apache/maven/reporting/maven-reporting-api/2.0.9/maven-reporting-api-2.0.9.jar
7fafc069e000-7fafc06a2000 r--s 00035000 fd:01 12329856                   /home/alogo/.m2/repository/org/codehaus/plexus/plexus-utils/3.0.8/plexus-utils-3.0.8.jar
7fafc06a2000-7fafc06a4000 r--s 00006000 fd:01 12979994                   /home/alogo/.m2/repository/org/apache/maven/shared/maven-common-artifact-filters/1.3/maven-common-artifact-filters-1.3.jar
7fafc06a4000-7fafc06aa000 r--s 00048000 fd:01 12329605                   /home/alogo/.m2/repository/org/apache/commons/commons-lang3/3.1/commons-lang3-3.1.jar
7fafc06aa000-7fafc06af000 r--s 0003c000 fd:01 526633                     /home/alogo/.m2/repository/org/apache/maven/surefire/maven-surefire-common/2.12.4/maven-surefire-common-2.12.4.jar
7fafc06af000-7fafc06b3000 r--s 00019000 fd:01 526621                     /home/alogo/.m2/repository/org/apache/maven/surefire/surefire-api/2.12.4/surefire-api-2.12.4.jar
7fafc06b3000-7fafc06b5000 r--s 00007000 fd:01 526620                     /home/alogo/.m2/repository/org/apache/maven/surefire/surefire-booter/2.12.4/surefire-booter-2.12.4.jar
7fafc06b5000-7fafc06b6000 r--s 00007000 fd:01 12718591                   /home/alogo/.m2/repository/org/apache/maven/plugins/maven-surefire-plugin/2.12.4/maven-surefire-plugin-2.12.4.jar
7fafc06b6000-7fafc06b9000 r--s 0001b000 fd:01 12329537                   /home/alogo/.m2/repository/junit/junit/3.8.2/junit-3.8.2.jar
7fafc06b9000-7fafc06c7000 r--s 0008f000 fd:01 12329535                   /home/alogo/.m2/repository/com/google/collections/google-collections/1.0/google-collections-1.0.jar
7fafc06c7000-7fafc06c8000 r--s 0000a000 fd:01 12329534                   /home/alogo/.m2/repository/commons-logging/commons-logging-api/1.1/commons-logging-api-1.1.jar
7fafc06c8000-7fafc06cf000 r--s 00051000 fd:01 12329529                   /home/alogo/.m2/repository/log4j/log4j/1.2.12/log4j-1.2.12.jar
7fafc06cf000-7fafc06d3000 r--s 0001d000 fd:01 12329526                   /home/alogo/.m2/repository/org/apache/xbean/xbean-reflect/3.4/xbean-reflect-3.4.jar
7fafc06d3000-7fafc06d4000 r--s 00004000 fd:01 12329527                   /home/alogo/.m2/repository/org/codehaus/plexus/plexus-compiler-javac/2.2/plexus-compiler-javac-2.2.jar
7fafc06d4000-7fafc06d6000 r--s 00000000 fd:01 12329528                   /home/alogo/.m2/repository/org/codehaus/plexus/plexus-compiler-manager/2.2/plexus-compiler-manager-2.2.jar
7fafc06d6000-7fafc06d8000 r--s 00005000 fd:01 12329523                   /home/alogo/.m2/repository/org/codehaus/plexus/plexus-compiler-api/2.2/plexus-compiler-api-2.2.jar
7fafc06d8000-7fafc06da000 r--s 00000000 fd:01 12329519                   /home/alogo/.m2/repository/org/codehaus/plexus/plexus-component-annotations/1.5.5/plexus-component-annotations-1.5.5.jar
7fafc06da000-7fafc06dc000 r--s 00002000 fd:01 12329516                   /home/alogo/.m2/repository/org/apache/maven/shared/maven-shared-incremental/1.1/maven-shared-incremental-1.1.jar
7fafc06dc000-7fafc06de000 r--s 00006000 fd:01 12329520                   /home/alogo/.m2/repository/com/google/code/findbugs/jsr305/2.0.1/jsr305-2.0.1.jar
7fafc06de000-7fafc06e1000 r--s 00023000 fd:01 12329517                   /home/alogo/.m2/repository/org/apache/maven/shared/maven-shared-utils/0.1/maven-shared-utils-0.1.jar
7fafc06e1000-7fafc06e5000 r--s 00030000 fd:01 12329514                   /home/alogo/.m2/repository/org/codehaus/plexus/plexus-utils/1.5.1/plexus-utils-1.5.1.jar
7fafc06e5000-7fafc06e7000 r--s 00009000 fd:01 11935922                   /home/alogo/.m2/repository/org/apache/maven/plugins/maven-compiler-plugin/3.1/maven-compiler-plugin-3.1.jar
7fafc06e7000-7fafc08e7000 rw-p 00000000 00:00 0 
7fafc08e7000-7fafc08e9000 r--s 0000d000 fd:01 12328573                   /home/alogo/.m2/repository/org/codehaus/plexus/plexus-interpolation/1.13/plexus-interpolation-1.13.jar
7fafc08e9000-7fafc08ea000 r--s 00001000 fd:01 12328575                   /home/alogo/.m2/repository/org/sonatype/plexus/plexus-build-api/0.0.4/plexus-build-api-0.0.4.jar
7fafc08ea000-7fafc08ec000 r--s 00009000 fd:01 12323927                   /home/alogo/.m2/repository/org/apache/maven/shared/maven-filtering/1.1/maven-filtering-1.1.jar
7fafc08ec000-7fafc08f0000 r--s 00033000 fd:01 12328571                   /home/alogo/.m2/repository/org/codehaus/plexus/plexus-utils/2.0.5/plexus-utils-2.0.5.jar
7fafc08f0000-7fafc08f3000 r--s 0001b000 fd:01 12323921                   /home/alogo/.m2/repository/junit/junit/3.8.1/junit-3.8.1.jar
7fafc08f3000-7fafc08f5000 r--s 00002000 fd:01 12323920                   /home/alogo/.m2/repository/org/codehaus/plexus/plexus-interactivity-api/1.0-alpha-4/plexus-interactivity-api-1.0-alpha-4.jar
7fafc08f5000-7fafc08f7000 r--s 00006000 fd:01 12323917                   /home/alogo/.m2/repository/commons-cli/commons-cli/1.0/commons-cli-1.0.jar
7fafc08f7000-7fafc08f8000 r--s 00001000 fd:01 12323919                   /home/alogo/.m2/repository/org/apache/maven/doxia/doxia-sink-api/1.0-alpha-7/doxia-sink-api-1.0-alpha-7.jar
7fafc08f8000-7fafc08f9000 r--s 00002000 fd:01 12323918                   /home/alogo/.m2/repository/org/apache/maven/reporting/maven-reporting-api/2.0.6/maven-reporting-api-2.0.6.jar
7fafc08f9000-7fafc08fb000 r--s 00006000 fd:01 12321402                   /home/alogo/.m2/repository/org/apache/maven/plugins/maven-resources-plugin/2.6/maven-resources-plugin-2.6.jar
7fafc08fb000-7fafc090c000 r-xp 00000000 fd:01 929539                     /usr/lib/jvm/java-8-oracle/jre/lib/amd64/libnio.so
7fafc090c000-7fafc0b0b000 ---p 00011000 fd:01 929539                     /usr/lib/jvm/java-8-oracle/jre/lib/amd64/libnio.so
7fafc0b0b000-7fafc0b0c000 r--p 00010000 fd:01 929539                     /usr/lib/jvm/java-8-oracle/jre/lib/amd64/libnio.so
7fafc0b0c000-7fafc0b0d000 rw-p 00011000 fd:01 929539                     /usr/lib/jvm/java-8-oracle/jre/lib/amd64/libnio.so
7fafc0b0d000-7fafc0b23000 r-xp 00000000 fd:01 929536                     /usr/lib/jvm/java-8-oracle/jre/lib/amd64/libnet.so
7fafc0b23000-7fafc0d23000 ---p 00016000 fd:01 929536                     /usr/lib/jvm/java-8-oracle/jre/lib/amd64/libnet.so
7fafc0d23000-7fafc0d24000 r--p 00016000 fd:01 929536                     /usr/lib/jvm/java-8-oracle/jre/lib/amd64/libnet.so
7fafc0d24000-7fafc0d25000 rw-p 00017000 fd:01 929536                     /usr/lib/jvm/java-8-oracle/jre/lib/amd64/libnet.so
7fafc0d25000-7fafc0f25000 rw-p 00000000 00:00 0 
7fafc0f25000-7fafc0f29000 r--s 000a1000 fd:01 929376                     /usr/lib/jvm/java-8-oracle/jre/lib/jsse.jar
7fafc0f29000-7fafc1129000 rw-p 00000000 00:00 0 
7fafc1129000-7fafc1329000 rw-p 00000000 00:00 0 
7fafc1329000-7fafc1529000 rw-p 00000000 00:00 0 
7fafc1529000-7fafc152b000 r--s 0000d000 fd:01 11801645                   /home/alogo/netbeans-8.2/java/maven-nblib/netbeans-eventspy.jar
7fafc152b000-7fafc152e000 r--s 00011000 fd:01 14554196                   /usr/share/java/plexus-interpolation.jar
7fafc152e000-7fafc152f000 r--s 00002000 fd:01 14554133                   /usr/share/java/geronimo-annotation-1.3-spec.jar
7fafc152f000-7fafc1536000 r--s 00054000 fd:01 14554220                   /usr/share/java/sisu-inject.jar
7fafc1536000-7fafc1538000 r--s 00006000 fd:01 14553634                   /usr/share/java/maven-resolver-spi.jar
7fafc1538000-7fafc1545000 r--s 0008b000 fd:01 14554171                   /usr/share/java/maven3-core.jar
7fafc1545000-7fafc154a000 r--s 00030000 fd:01 14554129                   /usr/share/java/commons-io.jar
7fafc154a000-7fafc154b000 r--s 0000a000 fd:01 14554179                   /usr/share/java/maven3-settings.jar
7fafc154b000-7fafc154c000 r--s 00003000 fd:01 14554189                   /usr/share/java/plexus-cipher.jar
7fafc154c000-7fafc154e000 r--s 00005000 fd:01 14553638                   /usr/share/java/maven-resolver-transport-wagon.jar
7fafc154e000-7fafc1553000 r--s 00025000 fd:01 14554173                   /usr/share/java/maven3-model-builder.jar
7fafc1553000-7fafc1557000 r--s 0003b000 fd:01 14554165                   /usr/share/java/plexus-utils2.jar
7fafc1557000-7fafc155d000 r--s 0002d000 fd:01 14554222                   /usr/share/java/sisu-plexus.jar
7fafc155d000-7fafc155e000 r--s 00001000 fd:01 14554123                   /usr/share/java/geronimo-interceptor-3.0-spec.jar
7fafc155e000-7fafc1560000 r--s 0000d000 fd:01 14553463                   /usr/share/java/el-api.jar
7fafc1560000-7fafc1561000 r--s 00000000 fd:01 14554121                   /usr/share/java/atinject-jsr330-api-1.0.jar
7fafc1561000-7fafc1564000 r--s 0000e000 fd:01 14554125                   /usr/share/java/cdi-api.jar
7fafc1564000-7fafc1566000 r--s 00001000 fd:01 14554169                   /usr/share/java/maven3-builder-support.jar
7fafc1566000-7fafc1592000 r--s 00208000 fd:01 14554137                   /usr/share/java/guava.jar
7fafc1592000-7fafc1594000 r--s 00003000 fd:01 14554200                   /usr/share/java/jcl-over-slf4j.jar
7fafc1594000-7fafc15c1000 r--s 001ce000 fd:01 14554274                   /usr/share/java/wagon-http-shaded-3.0.0.jar
7fafc15c1000-7fafc15c3000 r--s 00000000 fd:01 14554193                   /usr/share/java/plexus-component-annotations.jar
7fafc15c3000-7fafc15c8000 r--s 00021000 fd:01 14553639                   /usr/share/java/maven-resolver-util.jar
7fafc15c8000-7fafc15cc000 r--s 00027000 fd:01 14553504                   /usr/share/java/maven-resolver-impl.jar
7fafc15cc000-7fafc15cd000 ---p 00000000 00:00 0 
7fafc15cd000-7fafc16cd000 rw-p 00000000 00:00 0 
7fafc16cd000-7fafc16d0000 ---p 00000000 00:00 0 
7fafc16d0000-7fafc17ce000 rw-p 00000000 00:00 0 
7fafc17ce000-7fafc17cf000 ---p 00000000 00:00 0 
7fafc17cf000-7fafc17d2000 ---p 00000000 00:00 0 
7fafc17d2000-7fafc18cf000 rw-p 00000000 00:00 0 
7fafc18cf000-7fafc18d0000 ---p 00000000 00:00 0 
7fafc18d0000-7fafc18d3000 ---p 00000000 00:00 0 
7fafc18d3000-7fafc19d0000 rw-p 00000000 00:00 0 
7fafc19d0000-7fafc19d1000 ---p 00000000 00:00 0 
7fafc19d1000-7fafc19d4000 ---p 00000000 00:00 0 
7fafc19d4000-7fafc1ad1000 rw-p 00000000 00:00 0 
7fafc1ad1000-7fafc1ad2000 ---p 00000000 00:00 0 
7fafc1ad2000-7fafc1ad5000 ---p 00000000 00:00 0 
7fafc1ad5000-7fafc1bd2000 rw-p 00000000 00:00 0 
7fafc1bd2000-7fafc1bd5000 ---p 00000000 00:00 0 
7fafc1bd5000-7fafc1cd3000 rw-p 00000000 00:00 0 
7fafc1cd3000-7fafc26a5000 r--p 00000000 fd:01 14162550                   /usr/lib/locale/locale-archive
7fafc26a5000-7fafc26a8000 ---p 00000000 00:00 0 
7fafc26a8000-7fafc27a6000 rw-p 00000000 00:00 0 
7fafc27a6000-7fafc27a9000 ---p 00000000 00:00 0 
7fafc27a9000-7fafc28a7000 rw-p 00000000 00:00 0 
7fafc28a7000-7fafc28a8000 ---p 00000000 00:00 0 
7fafc28a8000-7fafc4000000 rw-p 00000000 00:00 0 
7fafc4000000-7fafc4021000 rw-p 00000000 00:00 0 
7fafc4021000-7fafc8000000 ---p 00000000 00:00 0 
7fafc8000000-7fafc8007000 r--s 00041000 fd:01 14554170                   /usr/share/java/maven3-compat.jar
7fafc8007000-7fafcc000000 rw-p 00000000 00:00 0 
7fafcc000000-7fafcc021000 rw-p 00000000 00:00 0 
7fafcc021000-7fafd0000000 ---p 00000000 00:00 0 
7fafd0000000-7fafd0021000 rw-p 00000000 00:00 0 
7fafd0021000-7fafd4000000 ---p 00000000 00:00 0 
7fafd4000000-7fafd4021000 rw-p 00000000 00:00 0 
7fafd4021000-7fafd8000000 ---p 00000000 00:00 0 
7fafd8000000-7fafd8021000 rw-p 00000000 00:00 0 
7fafd8021000-7fafdc000000 ---p 00000000 00:00 0 
7fafdc000000-7fafdc021000 rw-p 00000000 00:00 0 
7fafdc021000-7fafe0000000 ---p 00000000 00:00 0 
7fafe0000000-7fafe0021000 rw-p 00000000 00:00 0 
7fafe0021000-7fafe4000000 ---p 00000000 00:00 0 
7fafe4000000-7fafe4021000 rw-p 00000000 00:00 0 
7fafe4021000-7fafe8000000 ---p 00000000 00:00 0 
7fafe8000000-7fafe8001000 r--s 00006000 fd:01 14554176                   /usr/share/java/maven3-repository-metadata.jar
7fafe8001000-7fafe8002000 r--s 00000000 fd:01 14554121                   /usr/share/java/atinject-jsr330-api-1.0.jar
7fafe8002000-7fafe8004000 r--s 0000a000 fd:01 14554175                   /usr/share/java/maven3-plugin-api.jar
7fafe8004000-7fafe8007000 r--s 00027000 fd:01 14554174                   /usr/share/java/maven3-model.jar
7fafe8007000-7fafe8009000 r--s 00009000 fd:01 14554203                   /usr/share/java/slf4j-api.jar
7fafe8009000-7fafe800c000 r--s 0000a000 fd:01 14554132                   /usr/share/java/maven3-artifact.jar
7fafe800c000-7fafe800e000 r--s 0000a000 fd:01 14554127                   /usr/share/java/commons-cli.jar
7fafe800e000-7fafe81e8000 r--s 03d6f000 fd:01 929319                     /usr/lib/jvm/java-8-oracle/jre/lib/rt.jar
7fafe81e8000-7fafe8dfe000 rw-p 00000000 00:00 0 
7fafe8dfe000-7fafe8dff000 ---p 00000000 00:00 0 
7fafe8dff000-7fafe8eff000 rw-p 00000000 00:00 0 
7fafe8eff000-7fafe8f00000 ---p 00000000 00:00 0 
7fafe8f00000-7fafe9000000 rw-p 00000000 00:00 0 
7fafe9000000-7fafea2b0000 rwxp 00000000 00:00 0 
7fafea2b0000-7faff8000000 ---p 00000000 00:00 0 
7faff8000000-7faff903c000 rw-p 00000000 00:00 0 
7faff903c000-7faffc000000 ---p 00000000 00:00 0 
7faffc000000-7faffc001000 r--s 00004000 fd:01 14554180                   /usr/share/java/maven3-slf4j-provider.jar
7faffc001000-7faffc003000 r--s 00006000 fd:01 14554198                   /usr/share/java/plexus-sec-dispatcher.jar
7faffc003000-7faffc006000 r--s 00015000 fd:01 14554172                   /usr/share/java/maven3-embedder.jar
7faffc006000-7faffc009000 r--s 00024000 fd:01 14553673                   /usr/share/java/maven-shared-utils.jar
7faffc009000-7faffc00b000 r--s 0000b000 fd:01 14554167                   /usr/share/java/wagon-provider-api.jar
7faffc00b000-7faffc02c000 rw-p 00000000 00:00 0 
7faffc02c000-7faffc02d000 ---p 00000000 00:00 0 
7faffc02d000-7faffc12d000 rw-p 00000000 00:00 0 
7faffc12d000-7faffc12e000 ---p 00000000 00:00 0 
7faffc12e000-7faffc22e000 rw-p 00000000 00:00 0 
7faffc22e000-7faffc22f000 ---p 00000000 00:00 0 
7faffc22f000-7faffc32f000 rw-p 00000000 00:00 0 
7faffc32f000-7faffc330000 ---p 00000000 00:00 0 
7faffc330000-7faffc430000 rw-p 00000000 00:00 0 
7faffc430000-7faffc431000 ---p 00000000 00:00 0 
7faffc431000-7faffc531000 rw-p 00000000 00:00 0 
7faffc531000-7faffc532000 ---p 00000000 00:00 0 
7faffc532000-7faffc653000 rw-p 00000000 00:00 0 
7faffc653000-7faffc89d000 ---p 00000000 00:00 0 
7faffc89d000-7faffc8be000 rw-p 00000000 00:00 0 
7faffc8be000-7faffcb07000 ---p 00000000 00:00 0 
7faffcb07000-7faffcc3d000 rw-p 00000000 00:00 0 
7faffcc3d000-7faffcc89000 rw-p 00000000 00:00 0 
7faffcc89000-7faffcffe000 ---p 00000000 00:00 0 
7faffcffe000-7faffd019000 r-xp 00000000 fd:01 929532                     /usr/lib/jvm/java-8-oracle/jre/lib/amd64/libzip.so
7faffd019000-7faffd218000 ---p 0001b000 fd:01 929532                     /usr/lib/jvm/java-8-oracle/jre/lib/amd64/libzip.so
7faffd218000-7faffd219000 r--p 0001a000 fd:01 929532                     /usr/lib/jvm/java-8-oracle/jre/lib/amd64/libzip.so
7faffd219000-7faffd21a000 rw-p 0001b000 fd:01 929532                     /usr/lib/jvm/java-8-oracle/jre/lib/amd64/libzip.so
7faffd21a000-7faffd225000 r-xp 00000000 fd:01 10228471                   /lib/x86_64-linux-gnu/libnss_files-2.27.so
7faffd225000-7faffd424000 ---p 0000b000 fd:01 10228471                   /lib/x86_64-linux-gnu/libnss_files-2.27.so
7faffd424000-7faffd425000 r--p 0000a000 fd:01 10228471                   /lib/x86_64-linux-gnu/libnss_files-2.27.so
7faffd425000-7faffd426000 rw-p 0000b000 fd:01 10228471                   /lib/x86_64-linux-gnu/libnss_files-2.27.so
7faffd426000-7faffd42c000 rw-p 00000000 00:00 0 
7faffd42c000-7faffd443000 r-xp 00000000 fd:01 10228465                   /lib/x86_64-linux-gnu/libnsl-2.27.so
7faffd443000-7faffd642000 ---p 00017000 fd:01 10228465                   /lib/x86_64-linux-gnu/libnsl-2.27.so
7faffd642000-7faffd643000 r--p 00016000 fd:01 10228465                   /lib/x86_64-linux-gnu/libnsl-2.27.so
7faffd643000-7faffd644000 rw-p 00017000 fd:01 10228465                   /lib/x86_64-linux-gnu/libnsl-2.27.so
7faffd644000-7faffd646000 rw-p 00000000 00:00 0 
7faffd646000-7faffd651000 r-xp 00000000 fd:01 10228482                   /lib/x86_64-linux-gnu/libnss_nis-2.27.so
7faffd651000-7faffd850000 ---p 0000b000 fd:01 10228482                   /lib/x86_64-linux-gnu/libnss_nis-2.27.so
7faffd850000-7faffd851000 r--p 0000a000 fd:01 10228482                   /lib/x86_64-linux-gnu/libnss_nis-2.27.so
7faffd851000-7faffd852000 rw-p 0000b000 fd:01 10228482                   /lib/x86_64-linux-gnu/libnss_nis-2.27.so
7faffd852000-7faffd85a000 r-xp 00000000 fd:01 10228467                   /lib/x86_64-linux-gnu/libnss_compat-2.27.so
7faffd85a000-7faffda5a000 ---p 00008000 fd:01 10228467                   /lib/x86_64-linux-gnu/libnss_compat-2.27.so
7faffda5a000-7faffda5b000 r--p 00008000 fd:01 10228467                   /lib/x86_64-linux-gnu/libnss_compat-2.27.so
7faffda5b000-7faffda5c000 rw-p 00009000 fd:01 10228467                   /lib/x86_64-linux-gnu/libnss_compat-2.27.so
7faffda5c000-7faffda88000 r-xp 00000000 fd:01 929526                     /usr/lib/jvm/java-8-oracle/jre/lib/amd64/libjava.so
7faffda88000-7faffdc88000 ---p 0002c000 fd:01 929526                     /usr/lib/jvm/java-8-oracle/jre/lib/amd64/libjava.so
7faffdc88000-7faffdc89000 r--p 0002c000 fd:01 929526                     /usr/lib/jvm/java-8-oracle/jre/lib/amd64/libjava.so
7faffdc89000-7faffdc8b000 rw-p 0002d000 fd:01 929526                     /usr/lib/jvm/java-8-oracle/jre/lib/amd64/libjava.so
7faffdc8b000-7faffdc98000 r-xp 00000000 fd:01 929531                     /usr/lib/jvm/java-8-oracle/jre/lib/amd64/libverify.so
7faffdc98000-7faffde97000 ---p 0000d000 fd:01 929531                     /usr/lib/jvm/java-8-oracle/jre/lib/amd64/libverify.so
7faffde97000-7faffde99000 r--p 0000c000 fd:01 929531                     /usr/lib/jvm/java-8-oracle/jre/lib/amd64/libverify.so
7faffde99000-7faffde9a000 rw-p 0000e000 fd:01 929531                     /usr/lib/jvm/java-8-oracle/jre/lib/amd64/libverify.so
7faffde9a000-7faffdea1000 r-xp 00000000 fd:01 10228522                   /lib/x86_64-linux-gnu/librt-2.27.so
7faffdea1000-7faffe0a0000 ---p 00007000 fd:01 10228522                   /lib/x86_64-linux-gnu/librt-2.27.so
7faffe0a0000-7faffe0a1000 r--p 00006000 fd:01 10228522                   /lib/x86_64-linux-gnu/librt-2.27.so
7faffe0a1000-7faffe0a2000 rw-p 00007000 fd:01 10228522                   /lib/x86_64-linux-gnu/librt-2.27.so
7faffe0a2000-7faffe23f000 r-xp 00000000 fd:01 10228444                   /lib/x86_64-linux-gnu/libm-2.27.so
7faffe23f000-7faffe43e000 ---p 0019d000 fd:01 10228444                   /lib/x86_64-linux-gnu/libm-2.27.so
7faffe43e000-7faffe43f000 r--p 0019c000 fd:01 10228444                   /lib/x86_64-linux-gnu/libm-2.27.so
7faffe43f000-7faffe440000 rw-p 0019d000 fd:01 10228444                   /lib/x86_64-linux-gnu/libm-2.27.so
7faffe440000-7fafff128000 r-xp 00000000 fd:01 929508                     /usr/lib/jvm/java-8-oracle/jre/lib/amd64/server/libjvm.so
7fafff128000-7fafff327000 ---p 00ce8000 fd:01 929508                     /usr/lib/jvm/java-8-oracle/jre/lib/amd64/server/libjvm.so
7fafff327000-7fafff3bd000 r--p 00ce7000 fd:01 929508                     /usr/lib/jvm/java-8-oracle/jre/lib/amd64/server/libjvm.so
7fafff3bd000-7fafff3ee000 rw-p 00d7d000 fd:01 929508                     /usr/lib/jvm/java-8-oracle/jre/lib/amd64/server/libjvm.so
7fafff3ee000-7fafff429000 rw-p 00000000 00:00 0 
7fafff429000-7fafff610000 r-xp 00000000 fd:01 10228381                   /lib/x86_64-linux-gnu/libc-2.27.so
7fafff610000-7fafff810000 ---p 001e7000 fd:01 10228381                   /lib/x86_64-linux-gnu/libc-2.27.so
7fafff810000-7fafff814000 r--p 001e7000 fd:01 10228381                   /lib/x86_64-linux-gnu/libc-2.27.so
7fafff814000-7fafff816000 rw-p 001eb000 fd:01 10228381                   /lib/x86_64-linux-gnu/libc-2.27.so
7fafff816000-7fafff81a000 rw-p 00000000 00:00 0 
7fafff81a000-7fafff81d000 r-xp 00000000 fd:01 10228404                   /lib/x86_64-linux-gnu/libdl-2.27.so
7fafff81d000-7fafffa1c000 ---p 00003000 fd:01 10228404                   /lib/x86_64-linux-gnu/libdl-2.27.so
7fafffa1c000-7fafffa1d000 r--p 00002000 fd:01 10228404                   /lib/x86_64-linux-gnu/libdl-2.27.so
7fafffa1d000-7fafffa1e000 rw-p 00003000 fd:01 10228404                   /lib/x86_64-linux-gnu/libdl-2.27.so
7fafffa1e000-7fafffa35000 r-xp 00000000 fd:01 929196                     /usr/lib/jvm/java-8-oracle/lib/amd64/jli/libjli.so
7fafffa35000-7fafffc34000 ---p 00017000 fd:01 929196                     /usr/lib/jvm/java-8-oracle/lib/amd64/jli/libjli.so
7fafffc34000-7fafffc35000 r--p 00016000 fd:01 929196                     /usr/lib/jvm/java-8-oracle/lib/amd64/jli/libjli.so
7fafffc35000-7fafffc36000 rw-p 00017000 fd:01 929196                     /usr/lib/jvm/java-8-oracle/lib/amd64/jli/libjli.so
7fafffc36000-7fafffc50000 r-xp 00000000 fd:01 10228514                   /lib/x86_64-linux-gnu/libpthread-2.27.so
7fafffc50000-7fafffe4f000 ---p 0001a000 fd:01 10228514                   /lib/x86_64-linux-gnu/libpthread-2.27.so
7fafffe4f000-7fafffe50000 r--p 00019000 fd:01 10228514                   /lib/x86_64-linux-gnu/libpthread-2.27.so
7fafffe50000-7fafffe51000 rw-p 0001a000 fd:01 10228514                   /lib/x86_64-linux-gnu/libpthread-2.27.so
7fafffe51000-7fafffe55000 rw-p 00000000 00:00 0 
7fafffe55000-7fafffe7c000 r-xp 00000000 fd:01 10228353                   /lib/x86_64-linux-gnu/ld-2.27.so
7fafffe7c000-7fafffe7d000 r--s 00001000 fd:01 14554272                   /usr/share/java/wagon-file.jar
7fafffe7d000-7fafffe7f000 r--s 00001000 fd:01 14554139                   /usr/share/java/aopalliance-1.0.jar
7fafffe7f000-7fafffe81000 r--s 0000d000 fd:01 14554177                   /usr/share/java/maven3-resolver-provider.jar
7fafffe81000-7fafffe83000 r--s 00008000 fd:01 14553503                   /usr/share/java/maven-resolver-connector-basic.jar
7fafffe83000-7fafffe87000 r--s 0001f000 fd:01 14553502                   /usr/share/java/maven-resolver-api.jar
7fafffe87000-7fafffe89000 r--s 00007000 fd:01 14554163                   /usr/share/java/jansi.jar
7fafffe89000-7fafffe8c000 r--s 00007000 fd:01 14554178                   /usr/share/java/maven3-settings-builder.jar
7fafffe8c000-7fafffe9a000 r--s 0009a000 fd:01 14554149                   /usr/share/java/guice.jar
7fafffe9a000-7faffff3e000 rw-p 00000000 00:00 0 
7faffff3e000-7faffff3f000 ---p 00000000 00:00 0 
7faffff3f000-7faffff42000 ---p 00000000 00:00 0 
7faffff42000-7fb000041000 rw-p 00000000 00:00 0 
7fb000041000-7fb000049000 r--s 00072000 fd:01 14553438                   /usr/share/java/commons-lang3.jar
7fb000049000-7fb00004b000 r--s 0000b000 fd:01 14554191                   /usr/share/java/plexus-classworlds.jar
7fb00004b000-7fb000070000 rw-p 00000000 00:00 0 
7fb000070000-7fb000078000 rw-s 00000000 fd:01 2101430                    /tmp/hsperfdata_alogo/5352
7fb000078000-7fb000079000 rw-p 00000000 00:00 0 
7fb000079000-7fb00007a000 ---p 00000000 00:00 0 
7fb00007a000-7fb00007c000 rw-p 00000000 00:00 0 
7fb00007c000-7fb00007d000 r--p 00027000 fd:01 10228353                   /lib/x86_64-linux-gnu/ld-2.27.so
7fb00007d000-7fb00007e000 rw-p 00028000 fd:01 10228353                   /lib/x86_64-linux-gnu/ld-2.27.so
7fb00007e000-7fb00007f000 rw-p 00000000 00:00 0 
7fff3edb8000-7fff3edd9000 rw-p 00000000 00:00 0                          [stack]
7fff3edf7000-7fff3edfa000 r--p 00000000 00:00 0                          [vvar]
7fff3edfa000-7fff3edfc000 r-xp 00000000 00:00 0                          [vdso]
ffffffffff600000-ffffffffff601000 r-xp 00000000 00:00 0                  [vsyscall]

VM Arguments:
jvm_args: -Dclassworlds.conf=/usr/share/maven/bin/m2.conf -Dmaven.home=/usr/share/maven -Dlibrary.jansi.path=/usr/share/maven/lib/jansi-native -Dmaven.multiModuleProjectDirectory=/home/alogo/workspace/DRIP/drip-provisioner 
java_command: org.codehaus.plexus.classworlds.launcher.Launcher -Dmaven.ext.class.path=/home/alogo/netbeans-8.2/java/maven-nblib/netbeans-eventspy.jar install
java_class_path (initial): /usr/share/maven/boot/plexus-classworlds-2.x.jar
Launcher Type: SUN_STANDARD

Environment Variables:
JAVA_HOME=/usr/lib/jvm/java-8-oracle
PATH=/usr/local/sbin:/usr/local/bin:/usr/sbin:/usr/bin:/sbin:/bin:/usr/games:/usr/local/games:/snap/bin:/usr/lib/jvm/java-11-oracle/bin:/usr/lib/jvm/java-11-oracle/db/bin
USERNAME=alogo
LD_LIBRARY_PATH=/usr/lib/jvm/java-8-oracle/jre/lib/amd64:/usr/lib/jvm/java-8-oracle/jre/lib/i386:
SHELL=/bin/bash
DISPLAY=:0

Signal Handlers:
SIGSEGV: [libjvm.so+0xad3e60], sa_mask[0]=11111111011111111101111111111110, sa_flags=SA_RESTART|SA_SIGINFO
SIGBUS: [libjvm.so+0xad3e60], sa_mask[0]=11111111011111111101111111111110, sa_flags=SA_RESTART|SA_SIGINFO
SIGFPE: [libjvm.so+0x90b880], sa_mask[0]=11111111011111111101111111111110, sa_flags=SA_RESTART|SA_SIGINFO
SIGPIPE: [libjvm.so+0x90b880], sa_mask[0]=11111111011111111101111111111110, sa_flags=SA_RESTART|SA_SIGINFO
SIGXFSZ: [libjvm.so+0x90b880], sa_mask[0]=11111111011111111101111111111110, sa_flags=SA_RESTART|SA_SIGINFO
SIGILL: [libjvm.so+0x90b880], sa_mask[0]=11111111011111111101111111111110, sa_flags=SA_RESTART|SA_SIGINFO
SIGUSR1: SIG_DFL, sa_mask[0]=00000000000000000000000000000000, sa_flags=none
SIGUSR2: [libjvm.so+0x90b750], sa_mask[0]=00100000000000000000000000000000, sa_flags=SA_RESTART|SA_SIGINFO
SIGHUP: [libjvm.so+0x90bd70], sa_mask[0]=11111111011111111101111111111110, sa_flags=SA_RESTART|SA_SIGINFO
SIGINT: SIG_IGN, sa_mask[0]=00000000000000000000000000000000, sa_flags=none
SIGTERM: [libjvm.so+0x90bd70], sa_mask[0]=11111111011111111101111111111110, sa_flags=SA_RESTART|SA_SIGINFO
SIGQUIT: [libjvm.so+0x90bd70], sa_mask[0]=11111111011111111101111111111110, sa_flags=SA_RESTART|SA_SIGINFO


---------------  S Y S T E M  ---------------

OS:DISTRIB_ID=Ubuntu
DISTRIB_RELEASE=18.04
DISTRIB_CODENAME=bionic
DISTRIB_DESCRIPTION="Ubuntu 18.04.2 LTS"

uname:Linux 4.15.0-51-generic #55-Ubuntu SMP Wed May 15 14:27:21 UTC 2019 x86_64
libc:glibc 2.27 NPTL 2.27 
rlimit: STACK 8192k, CORE 0k, NPROC 29424, NOFILE 1048576, AS infinity
load average:4,66 1,77 1,25

/proc/meminfo:
MemTotal:        7597332 kB
MemFree:          111740 kB
MemAvailable:      30840 kB
Buffers:             896 kB
Cached:           822648 kB
SwapCached:         6360 kB
Active:          5991632 kB
Inactive:         986204 kB
Active(anon):    5978640 kB
Inactive(anon):   973028 kB
Active(file):      12992 kB
Inactive(file):    13176 kB
Unevictable:          48 kB
Mlocked:              48 kB
SwapTotal:       1003516 kB
SwapFree:              0 kB
Dirty:                72 kB
Writeback:             0 kB
AnonPages:       6148408 kB
Mapped:           584176 kB
Shmem:            796968 kB
Slab:             280984 kB
SReclaimable:     100024 kB
SUnreclaim:       180960 kB
KernelStack:       26928 kB
PageTables:        89772 kB
NFS_Unstable:          0 kB
Bounce:                0 kB
WritebackTmp:          0 kB
CommitLimit:     4802180 kB
Committed_AS:   16738184 kB
VmallocTotal:   34359738367 kB
VmallocUsed:           0 kB
VmallocChunk:          0 kB
HardwareCorrupted:     0 kB
AnonHugePages:         0 kB
ShmemHugePages:        0 kB
ShmemPmdMapped:        0 kB
CmaTotal:              0 kB
CmaFree:               0 kB
HugePages_Total:       0
HugePages_Free:        0
HugePages_Rsvd:        0
HugePages_Surp:        0
Hugepagesize:       2048 kB
DirectMap4k:      402356 kB
DirectMap2M:     7409664 kB
DirectMap1G:           0 kB

container (cgroup) information:
container_type: cgroupv1
cpu_cpuset_cpus: 0-7
cpu_memory_nodes: 0
active_processor_count: 8
cpu_quota: -1
cpu_period: 100000
cpu_shares: -1
memory_limit_in_bytes: -1
memory_and_swap_limit_in_bytes: -2
memory_soft_limit_in_bytes: -1
memory_usage_in_bytes: 7075635200
memory_max_usage_in_bytes: 7080869888


CPU:total 8 (initial active 8) (4 cores per cpu, 2 threads per core) family 6 model 142 stepping 10, cmov, cx8, fxsr, mmx, sse, sse2, sse3, ssse3, sse4.1, sse4.2, popcnt, avx, avx2, aes, clmul, erms, 3dnowpref, lzcnt, ht, tsc, tscinvbit, bmi1, bmi2, adx

/proc/cpuinfo:
processor	: 0
vendor_id	: GenuineIntel
cpu family	: 6
model		: 142
model name	: Intel(R) Core(TM) i7-8550U CPU @ 1.80GHz
stepping	: 10
microcode	: 0xb4
cpu MHz		: 3591.099
cache size	: 8192 KB
physical id	: 0
siblings	: 8
core id		: 0
cpu cores	: 4
apicid		: 0
initial apicid	: 0
fpu		: yes
fpu_exception	: yes
cpuid level	: 22
wp		: yes
flags		: fpu vme de pse tsc msr pae mce cx8 apic sep mtrr pge mca cmov pat pse36 clflush dts acpi mmx fxsr sse sse2 ss ht tm pbe syscall nx pdpe1gb rdtscp lm constant_tsc art arch_perfmon pebs bts rep_good nopl xtopology nonstop_tsc cpuid aperfmperf tsc_known_freq pni pclmulqdq dtes64 monitor ds_cpl vmx est tm2 ssse3 sdbg fma cx16 xtpr pdcm pcid sse4_1 sse4_2 x2apic movbe popcnt tsc_deadline_timer aes xsave avx f16c rdrand lahf_lm abm 3dnowprefetch cpuid_fault epb invpcid_single pti ssbd ibrs ibpb stibp tpr_shadow vnmi flexpriority ept vpid fsgsbase tsc_adjust bmi1 avx2 smep bmi2 erms invpcid mpx rdseed adx smap clflushopt intel_pt xsaveopt xsavec xgetbv1 xsaves dtherm ida arat pln pts hwp hwp_notify hwp_act_window hwp_epp md_clear flush_l1d
bugs		: cpu_meltdown spectre_v1 spectre_v2 spec_store_bypass l1tf mds
bogomips	: 3984.00
clflush size	: 64
cache_alignment	: 64
address sizes	: 39 bits physical, 48 bits virtual
power management:

processor	: 1
vendor_id	: GenuineIntel
cpu family	: 6
model		: 142
model name	: Intel(R) Core(TM) i7-8550U CPU @ 1.80GHz
stepping	: 10
microcode	: 0xb4
cpu MHz		: 3610.007
cache size	: 8192 KB
physical id	: 0
siblings	: 8
core id		: 1
cpu cores	: 4
apicid		: 2
initial apicid	: 2
fpu		: yes
fpu_exception	: yes
cpuid level	: 22
wp		: yes
flags		: fpu vme de pse tsc msr pae mce cx8 apic sep mtrr pge mca cmov pat pse36 clflush dts acpi mmx fxsr sse sse2 ss ht tm pbe syscall nx pdpe1gb rdtscp lm constant_tsc art arch_perfmon pebs bts rep_good nopl xtopology nonstop_tsc cpuid aperfmperf tsc_known_freq pni pclmulqdq dtes64 monitor ds_cpl vmx est tm2 ssse3 sdbg fma cx16 xtpr pdcm pcid sse4_1 sse4_2 x2apic movbe popcnt tsc_deadline_timer aes xsave avx f16c rdrand lahf_lm abm 3dnowprefetch cpuid_fault epb invpcid_single pti ssbd ibrs ibpb stibp tpr_shadow vnmi flexpriority ept vpid fsgsbase tsc_adjust bmi1 avx2 smep bmi2 erms invpcid mpx rdseed adx smap clflushopt intel_pt xsaveopt xsavec xgetbv1 xsaves dtherm ida arat pln pts hwp hwp_notify hwp_act_window hwp_epp md_clear flush_l1d
bugs		: cpu_meltdown spectre_v1 spectre_v2 spec_store_bypass l1tf mds
bogomips	: 3984.00
clflush size	: 64
cache_alignment	: 64
address sizes	: 39 bits physical, 48 bits virtual
power management:

processor	: 2
vendor_id	: GenuineIntel
cpu family	: 6
model		: 142
model name	: Intel(R) Core(TM) i7-8550U CPU @ 1.80GHz
stepping	: 10
microcode	: 0xb4
cpu MHz		: 3596.045
cache size	: 8192 KB
physical id	: 0
siblings	: 8
core id		: 2
cpu cores	: 4
apicid		: 4
initial apicid	: 4
fpu		: yes
fpu_exception	: yes
cpuid level	: 22
wp		: yes
flags		: fpu vme de pse tsc msr pae mce cx8 apic sep mtrr pge mca cmov pat pse36 clflush dts acpi mmx fxsr sse sse2 ss ht tm pbe syscall nx pdpe1gb rdtscp lm constant_tsc art arch_perfmon pebs bts rep_good nopl xtopology nonstop_tsc cpuid aperfmperf tsc_known_freq pni pclmulqdq dtes64 monitor ds_cpl vmx est tm2 ssse3 sdbg fma cx16 xtpr pdcm pcid sse4_1 sse4_2 x2apic movbe popcnt tsc_deadline_timer aes xsave avx f16c rdrand lahf_lm abm 3dnowprefetch cpuid_fault epb invpcid_single pti ssbd ibrs ibpb stibp tpr_shadow vnmi flexpriority ept vpid fsgsbase tsc_adjust bmi1 avx2 smep bmi2 erms invpcid mpx rdseed adx smap clflushopt intel_pt xsaveopt xsavec xgetbv1 xsaves dtherm ida arat pln pts hwp hwp_notify hwp_act_window hwp_epp md_clear flush_l1d
bugs		: cpu_meltdown spectre_v1 spectre_v2 spec_store_bypass l1tf mds
bogomips	: 3984.00
clflush size	: 64
cache_alignment	: 64
address sizes	: 39 bits physical, 48 bits virtual
power management:

processor	: 3
vendor_id	: GenuineIntel
cpu family	: 6
model		: 142
model name	: Intel(R) Core(TM) i7-8550U CPU @ 1.80GHz
stepping	: 10
microcode	: 0xb4
cpu MHz		: 3617.301
cache size	: 8192 KB
physical id	: 0
siblings	: 8
core id		: 3
cpu cores	: 4
apicid		: 6
initial apicid	: 6
fpu		: yes
fpu_exception	: yes
cpuid level	: 22
wp		: yes
flags		: fpu vme de pse tsc msr pae mce cx8 apic sep mtrr pge mca cmov pat pse36 clflush dts acpi mmx fxsr sse sse2 ss ht tm pbe syscall nx pdpe1gb rdtscp lm constant_tsc art arch_perfmon pebs bts rep_good nopl xtopology nonstop_tsc cpuid aperfmperf tsc_known_freq pni pclmulqdq dtes64 monitor ds_cpl vmx est tm2 ssse3 sdbg fma cx16 xtpr pdcm pcid sse4_1 sse4_2 x2apic movbe popcnt tsc_deadline_timer aes xsave avx f16c rdrand lahf_lm abm 3dnowprefetch cpuid_fault epb invpcid_single pti ssbd ibrs ibpb stibp tpr_shadow vnmi flexpriority ept vpid fsgsbase tsc_adjust bmi1 avx2 smep bmi2 erms invpcid mpx rdseed adx smap clflushopt intel_pt xsaveopt xsavec xgetbv1 xsaves dtherm ida arat pln pts hwp hwp_notify hwp_act_window hwp_epp md_clear flush_l1d
bugs		: cpu_meltdown spectre_v1 spectre_v2 spec_store_bypass l1tf mds
bogomips	: 3984.00
clflush size	: 64
cache_alignment	: 64
address sizes	: 39 bits physical, 48 bits virtual
power management:

processor	: 4
vendor_id	: GenuineIntel
cpu family	: 6
model		: 142
model name	: Intel(R) Core(TM) i7-8550U CPU @ 1.80GHz
stepping	: 10
microcode	: 0xb4
cpu MHz		: 3610.305
cache size	: 8192 KB
physical id	: 0
siblings	: 8
core id		: 0
cpu cores	: 4
apicid		: 1
initial apicid	: 1
fpu		: yes
fpu_exception	: yes
cpuid level	: 22
wp		: yes
flags		: fpu vme de pse tsc msr pae mce cx8 apic sep mtrr pge mca cmov pat pse36 clflush dts acpi mmx fxsr sse sse2 ss ht tm pbe syscall nx pdpe1gb rdtscp lm constant_tsc art arch_perfmon pebs bts rep_good nopl xtopology nonstop_tsc cpuid aperfmperf tsc_known_freq pni pclmulqdq dtes64 monitor ds_cpl vmx est tm2 ssse3 sdbg fma cx16 xtpr pdcm pcid sse4_1 sse4_2 x2apic movbe popcnt tsc_deadline_timer aes xsave avx f16c rdrand lahf_lm abm 3dnowprefetch cpuid_fault epb invpcid_single pti ssbd ibrs ibpb stibp tpr_shadow vnmi flexpriority ept vpid fsgsbase tsc_adjust bmi1 avx2 smep bmi2 erms invpcid mpx rdseed adx smap clflushopt intel_pt xsaveopt xsavec xgetbv1 xsaves dtherm ida arat pln pts hwp hwp_notify hwp_act_window hwp_epp md_clear flush_l1d
bugs		: cpu_meltdown spectre_v1 spectre_v2 spec_store_bypass l1tf mds
bogomips	: 3984.00
clflush size	: 64
cache_alignment	: 64
address sizes	: 39 bits physical, 48 bits virtual
power management:

processor	: 5
vendor_id	: GenuineIntel
cpu family	: 6
model		: 142
model name	: Intel(R) Core(TM) i7-8550U CPU @ 1.80GHz
stepping	: 10
microcode	: 0xb4
cpu MHz		: 3612.811
cache size	: 8192 KB
physical id	: 0
siblings	: 8
core id		: 1
cpu cores	: 4
apicid		: 3
initial apicid	: 3
fpu		: yes
fpu_exception	: yes
cpuid level	: 22
wp		: yes
flags		: fpu vme de pse tsc msr pae mce cx8 apic sep mtrr pge mca cmov pat pse36 clflush dts acpi mmx fxsr sse sse2 ss ht tm pbe syscall nx pdpe1gb rdtscp lm constant_tsc art arch_perfmon pebs bts rep_good nopl xtopology nonstop_tsc cpuid aperfmperf tsc_known_freq pni pclmulqdq dtes64 monitor ds_cpl vmx est tm2 ssse3 sdbg fma cx16 xtpr pdcm pcid sse4_1 sse4_2 x2apic movbe popcnt tsc_deadline_timer aes xsave avx f16c rdrand lahf_lm abm 3dnowprefetch cpuid_fault epb invpcid_single pti ssbd ibrs ibpb stibp tpr_shadow vnmi flexpriority ept vpid fsgsbase tsc_adjust bmi1 avx2 smep bmi2 erms invpcid mpx rdseed adx smap clflushopt intel_pt xsaveopt xsavec xgetbv1 xsaves dtherm ida arat pln pts hwp hwp_notify hwp_act_window hwp_epp md_clear flush_l1d
bugs		: cpu_meltdown spectre_v1 spectre_v2 spec_store_bypass l1tf mds
bogomips	: 3984.00
clflush size	: 64
cache_alignment	: 64
address sizes	: 39 bits physical, 48 bits virtual
power management:

processor	: 6
vendor_id	: GenuineIntel
cpu family	: 6
model		: 142
model name	: Intel(R) Core(TM) i7-8550U CPU @ 1.80GHz
stepping	: 10
microcode	: 0xb4
cpu MHz		: 3583.545
cache size	: 8192 KB
physical id	: 0
siblings	: 8
core id		: 2
cpu cores	: 4
apicid		: 5
initial apicid	: 5
fpu		: yes
fpu_exception	: yes
cpuid level	: 22
wp		: yes
flags		: fpu vme de pse tsc msr pae mce cx8 apic sep mtrr pge mca cmov pat pse36 clflush dts acpi mmx fxsr sse sse2 ss ht tm pbe syscall nx pdpe1gb rdtscp lm constant_tsc art arch_perfmon pebs bts rep_good nopl xtopology nonstop_tsc cpuid aperfmperf tsc_known_freq pni pclmulqdq dtes64 monitor ds_cpl vmx est tm2 ssse3 sdbg fma cx16 xtpr pdcm pcid sse4_1 sse4_2 x2apic movbe popcnt tsc_deadline_timer aes xsave avx f16c rdrand lahf_lm abm 3dnowprefetch cpuid_fault epb invpcid_single pti ssbd ibrs ibpb stibp tpr_shadow vnmi flexpriority ept vpid fsgsbase tsc_adjust bmi1 avx2 smep bmi2 erms invpcid mpx rdseed adx smap clflushopt intel_pt xsaveopt xsavec xgetbv1 xsaves dtherm ida arat pln pts hwp hwp_notify hwp_act_window hwp_epp md_clear flush_l1d
bugs		: cpu_meltdown spectre_v1 spectre_v2 spec_store_bypass l1tf mds
bogomips	: 3984.00
clflush size	: 64
cache_alignment	: 64
address sizes	: 39 bits physical, 48 bits virtual
power management:

processor	: 7
vendor_id	: GenuineIntel
cpu family	: 6
model		: 142
model name	: Intel(R) Core(TM) i7-8550U CPU @ 1.80GHz
stepping	: 10
microcode	: 0xb4
cpu MHz		: 3593.105
cache size	: 8192 KB
physical id	: 0
siblings	: 8
core id		: 3
cpu cores	: 4
apicid		: 7
initial apicid	: 7
fpu		: yes
fpu_exception	: yes
cpuid level	: 22
wp		: yes
flags		: fpu vme de pse tsc msr pae mce cx8 apic sep mtrr pge mca cmov pat pse36 clflush dts acpi mmx fxsr sse sse2 ss ht tm pbe syscall nx pdpe1gb rdtscp lm constant_tsc art arch_perfmon pebs bts rep_good nopl xtopology nonstop_tsc cpuid aperfmperf tsc_known_freq pni pclmulqdq dtes64 monitor ds_cpl vmx est tm2 ssse3 sdbg fma cx16 xtpr pdcm pcid sse4_1 sse4_2 x2apic movbe popcnt tsc_deadline_timer aes xsave avx f16c rdrand lahf_lm abm 3dnowprefetch cpuid_fault epb invpcid_single pti ssbd ibrs ibpb stibp tpr_shadow vnmi flexpriority ept vpid fsgsbase tsc_adjust bmi1 avx2 smep bmi2 erms invpcid mpx rdseed adx smap clflushopt intel_pt xsaveopt xsavec xgetbv1 xsaves dtherm ida arat pln pts hwp hwp_notify hwp_act_window hwp_epp md_clear flush_l1d
bugs		: cpu_meltdown spectre_v1 spectre_v2 spec_store_bypass l1tf mds
bogomips	: 3984.00
clflush size	: 64
cache_alignment	: 64
address sizes	: 39 bits physical, 48 bits virtual
power management:



Memory: 4k page, physical 7597332k(111892k free), swap 1003516k(0k free)

vm_info: Java HotSpot(TM) 64-Bit Server VM (25.201-b09) for linux-amd64 JRE (1.8.0_201-b09), built on Dec 15 2018 11:35:59 by "java_re" with gcc 7.3.0

time: Wed Jun 19 17:55:39 2019
timezone: CEST
elapsed time: 13 seconds (0d 0h 0m 13s)

