DEB [20170707-18:28:52.906] thr=1   paramiko.transport: starting thread (client mode): 0xf18b3b10L
DEB [20170707-18:28:52.906] thr=1   paramiko.transport: Local version/idstring: SSH-2.0-paramiko_2.1.2
DEB [20170707-18:28:52.927] thr=1   paramiko.transport: Remote version/idstring: SSH-2.0-OpenSSH_6.6.1p1 Ubuntu-2ubuntu2.8
INF [20170707-18:28:52.927] thr=1   paramiko.transport: Connected (version 2.0, client OpenSSH_6.6.1p1)
DEB [20170707-18:28:52.942] thr=1   paramiko.transport: kex algos:[u'curve25519-sha256@libssh.org', u'ecdh-sha2-nistp256', u'ecdh-sha2-nistp384', u'ecdh-sha2-nistp521', u'diffie-hellman-group-exchange-sha256', u'diffie-hellman-group-exchange-sha1', u'diffie-hellman-group14-sha1', u'diffie-hellman-group1-sha1'] server key:[u'ssh-rsa', u'ssh-dss', u'ecdsa-sha2-nistp256', u'ssh-ed25519'] client encrypt:[u'aes128-ctr', u'aes192-ctr', u'aes256-ctr', u'arcfour256', u'arcfour128', u'aes128-gcm@openssh.com', u'aes256-gcm@openssh.com', u'chacha20-poly1305@openssh.com', u'aes128-cbc', u'3des-cbc', u'blowfish-cbc', u'cast128-cbc', u'aes192-cbc', u'aes256-cbc', u'arcfour', u'rijndael-cbc@lysator.liu.se'] server encrypt:[u'aes128-ctr', u'aes192-ctr', u'aes256-ctr', u'arcfour256', u'arcfour128', u'aes128-gcm@openssh.com', u'aes256-gcm@openssh.com', u'chacha20-poly1305@openssh.com', u'aes128-cbc', u'3des-cbc', u'blowfish-cbc', u'cast128-cbc', u'aes192-cbc', u'aes256-cbc', u'arcfour', u'rijndael-cbc@lysator.liu.se'] client mac:[u'hmac-md5-etm@openssh.com', u'hmac-sha1-etm@openssh.com', u'umac-64-etm@openssh.com', u'umac-128-etm@openssh.com', u'hmac-sha2-256-etm@openssh.com', u'hmac-sha2-512-etm@openssh.com', u'hmac-ripemd160-etm@openssh.com', u'hmac-sha1-96-etm@openssh.com', u'hmac-md5-96-etm@openssh.com', u'hmac-md5', u'hmac-sha1', u'umac-64@openssh.com', u'umac-128@openssh.com', u'hmac-sha2-256', u'hmac-sha2-512', u'hmac-ripemd160', u'hmac-ripemd160@openssh.com', u'hmac-sha1-96', u'hmac-md5-96'] server mac:[u'hmac-md5-etm@openssh.com', u'hmac-sha1-etm@openssh.com', u'umac-64-etm@openssh.com', u'umac-128-etm@openssh.com', u'hmac-sha2-256-etm@openssh.com', u'hmac-sha2-512-etm@openssh.com', u'hmac-ripemd160-etm@openssh.com', u'hmac-sha1-96-etm@openssh.com', u'hmac-md5-96-etm@openssh.com', u'hmac-md5', u'hmac-sha1', u'umac-64@openssh.com', u'umac-128@openssh.com', u'hmac-sha2-256', u'hmac-sha2-512', u'hmac-ripemd160', u'hmac-ripemd160@openssh.com', u'hmac-sha1-96', u'hmac-md5-96'] client compress:[u'none', u'zlib@openssh.com'] server compress:[u'none', u'zlib@openssh.com'] client lang:[u''] server lang:[u''] kex follows?False
DEB [20170707-18:28:52.943] thr=1   paramiko.transport: Kex agreed: diffie-hellman-group1-sha1
DEB [20170707-18:28:52.943] thr=1   paramiko.transport: Cipher agreed: aes128-ctr
DEB [20170707-18:28:52.943] thr=1   paramiko.transport: MAC agreed: hmac-sha2-256
DEB [20170707-18:28:52.943] thr=1   paramiko.transport: Compression agreed: none
DEB [20170707-18:28:53.111] thr=1   paramiko.transport: kex engine KexGroup1 specified hash_algo <built-in function openssl_sha1>
DEB [20170707-18:28:53.111] thr=1   paramiko.transport: Switch to new keys ...
DEB [20170707-18:28:53.114] thr=2   paramiko.transport: Adding ssh-rsa host key for 147.228.242.156: 91534f594c88f39d865e5cabdc3a421a
DEB [20170707-18:28:53.115] thr=2   paramiko.transport: Trying key a32cf0d982cb904e8ddee5232852a3c0 from /home/alogo/workspace/DRIP/drip-deployer/1499444932887/1.txt
DEB [20170707-18:28:53.182] thr=1   paramiko.transport: userauth is OK
INF [20170707-18:28:53.206] thr=1   paramiko.transport: Authentication (publickey) successful!
DEB [20170707-18:28:53.216] thr=2   paramiko.transport: [chan 0] Max packet in: 32768 bytes
DEB [20170707-18:28:53.274] thr=1   paramiko.transport: [chan 0] Max packet out: 32768 bytes
DEB [20170707-18:28:53.274] thr=1   paramiko.transport: Secsh channel 0 opened.
DEB [20170707-18:28:53.296] thr=1   paramiko.transport: [chan 0] Sesch channel 0 request ok
DEB [20170707-18:28:53.316] thr=1   paramiko.transport: [chan 0] EOF received (0)
DEB [20170707-18:28:53.317] thr=1   paramiko.transport: [chan 0] EOF sent (0)
DEB [20170707-18:28:53.333] thr=3   paramiko.transport: starting thread (client mode): 0xf190f710L
DEB [20170707-18:28:53.333] thr=3   paramiko.transport: Local version/idstring: SSH-2.0-paramiko_2.1.2
DEB [20170707-18:28:53.354] thr=3   paramiko.transport: Remote version/idstring: SSH-2.0-OpenSSH_6.6.1p1 Ubuntu-2ubuntu2.8
INF [20170707-18:28:53.354] thr=3   paramiko.transport: Connected (version 2.0, client OpenSSH_6.6.1p1)
DEB [20170707-18:28:53.369] thr=3   paramiko.transport: kex algos:[u'curve25519-sha256@libssh.org', u'ecdh-sha2-nistp256', u'ecdh-sha2-nistp384', u'ecdh-sha2-nistp521', u'diffie-hellman-group-exchange-sha256', u'diffie-hellman-group-exchange-sha1', u'diffie-hellman-group14-sha1', u'diffie-hellman-group1-sha1'] server key:[u'ssh-rsa', u'ssh-dss', u'ecdsa-sha2-nistp256', u'ssh-ed25519'] client encrypt:[u'aes128-ctr', u'aes192-ctr', u'aes256-ctr', u'arcfour256', u'arcfour128', u'aes128-gcm@openssh.com', u'aes256-gcm@openssh.com', u'chacha20-poly1305@openssh.com', u'aes128-cbc', u'3des-cbc', u'blowfish-cbc', u'cast128-cbc', u'aes192-cbc', u'aes256-cbc', u'arcfour', u'rijndael-cbc@lysator.liu.se'] server encrypt:[u'aes128-ctr', u'aes192-ctr', u'aes256-ctr', u'arcfour256', u'arcfour128', u'aes128-gcm@openssh.com', u'aes256-gcm@openssh.com', u'chacha20-poly1305@openssh.com', u'aes128-cbc', u'3des-cbc', u'blowfish-cbc', u'cast128-cbc', u'aes192-cbc', u'aes256-cbc', u'arcfour', u'rijndael-cbc@lysator.liu.se'] client mac:[u'hmac-md5-etm@openssh.com', u'hmac-sha1-etm@openssh.com', u'umac-64-etm@openssh.com', u'umac-128-etm@openssh.com', u'hmac-sha2-256-etm@openssh.com', u'hmac-sha2-512-etm@openssh.com', u'hmac-ripemd160-etm@openssh.com', u'hmac-sha1-96-etm@openssh.com', u'hmac-md5-96-etm@openssh.com', u'hmac-md5', u'hmac-sha1', u'umac-64@openssh.com', u'umac-128@openssh.com', u'hmac-sha2-256', u'hmac-sha2-512', u'hmac-ripemd160', u'hmac-ripemd160@openssh.com', u'hmac-sha1-96', u'hmac-md5-96'] server mac:[u'hmac-md5-etm@openssh.com', u'hmac-sha1-etm@openssh.com', u'umac-64-etm@openssh.com', u'umac-128-etm@openssh.com', u'hmac-sha2-256-etm@openssh.com', u'hmac-sha2-512-etm@openssh.com', u'hmac-ripemd160-etm@openssh.com', u'hmac-sha1-96-etm@openssh.com', u'hmac-md5-96-etm@openssh.com', u'hmac-md5', u'hmac-sha1', u'umac-64@openssh.com', u'umac-128@openssh.com', u'hmac-sha2-256', u'hmac-sha2-512', u'hmac-ripemd160', u'hmac-ripemd160@openssh.com', u'hmac-sha1-96', u'hmac-md5-96'] client compress:[u'none', u'zlib@openssh.com'] server compress:[u'none', u'zlib@openssh.com'] client lang:[u''] server lang:[u''] kex follows?False
DEB [20170707-18:28:53.370] thr=3   paramiko.transport: Kex agreed: diffie-hellman-group1-sha1
DEB [20170707-18:28:53.370] thr=3   paramiko.transport: Cipher agreed: aes128-ctr
DEB [20170707-18:28:53.370] thr=3   paramiko.transport: MAC agreed: hmac-sha2-256
DEB [20170707-18:28:53.370] thr=3   paramiko.transport: Compression agreed: none
DEB [20170707-18:28:53.431] thr=3   paramiko.transport: kex engine KexGroup1 specified hash_algo <built-in function openssl_sha1>
DEB [20170707-18:28:53.431] thr=3   paramiko.transport: Switch to new keys ...
DEB [20170707-18:28:53.434] thr=2   paramiko.transport: Adding ssh-rsa host key for 147.228.242.156: 91534f594c88f39d865e5cabdc3a421a
DEB [20170707-18:28:53.435] thr=2   paramiko.transport: Trying key a32cf0d982cb904e8ddee5232852a3c0 from /home/alogo/workspace/DRIP/drip-deployer/1499444932887/2.txt
DEB [20170707-18:28:53.502] thr=3   paramiko.transport: userauth is OK
INF [20170707-18:28:53.524] thr=3   paramiko.transport: Authentication (publickey) successful!
DEB [20170707-18:28:53.536] thr=2   paramiko.transport: [chan 0] Max packet in: 32768 bytes
DEB [20170707-18:28:53.582] thr=3   paramiko.transport: [chan 0] Max packet out: 32768 bytes
DEB [20170707-18:28:53.582] thr=3   paramiko.transport: Secsh channel 0 opened.
DEB [20170707-18:28:53.616] thr=3   paramiko.transport: [chan 0] Sesch channel 0 request ok
DEB [20170707-18:28:53.638] thr=3   paramiko.transport: [chan 0] EOF received (0)
DEB [20170707-18:28:53.638] thr=3   paramiko.transport: [chan 0] EOF sent (0)
DEB [20170707-18:28:53.654] thr=4   paramiko.transport: starting thread (client mode): 0xe3f34250L
DEB [20170707-18:28:53.655] thr=4   paramiko.transport: Local version/idstring: SSH-2.0-paramiko_2.1.2
DEB [20170707-18:28:53.674] thr=4   paramiko.transport: Remote version/idstring: SSH-2.0-OpenSSH_6.6.1p1 Ubuntu-2ubuntu2.8
INF [20170707-18:28:53.675] thr=4   paramiko.transport: Connected (version 2.0, client OpenSSH_6.6.1p1)
DEB [20170707-18:28:53.690] thr=4   paramiko.transport: kex algos:[u'curve25519-sha256@libssh.org', u'ecdh-sha2-nistp256', u'ecdh-sha2-nistp384', u'ecdh-sha2-nistp521', u'diffie-hellman-group-exchange-sha256', u'diffie-hellman-group-exchange-sha1', u'diffie-hellman-group14-sha1', u'diffie-hellman-group1-sha1'] server key:[u'ssh-rsa', u'ssh-dss', u'ecdsa-sha2-nistp256', u'ssh-ed25519'] client encrypt:[u'aes128-ctr', u'aes192-ctr', u'aes256-ctr', u'arcfour256', u'arcfour128', u'aes128-gcm@openssh.com', u'aes256-gcm@openssh.com', u'chacha20-poly1305@openssh.com', u'aes128-cbc', u'3des-cbc', u'blowfish-cbc', u'cast128-cbc', u'aes192-cbc', u'aes256-cbc', u'arcfour', u'rijndael-cbc@lysator.liu.se'] server encrypt:[u'aes128-ctr', u'aes192-ctr', u'aes256-ctr', u'arcfour256', u'arcfour128', u'aes128-gcm@openssh.com', u'aes256-gcm@openssh.com', u'chacha20-poly1305@openssh.com', u'aes128-cbc', u'3des-cbc', u'blowfish-cbc', u'cast128-cbc', u'aes192-cbc', u'aes256-cbc', u'arcfour', u'rijndael-cbc@lysator.liu.se'] client mac:[u'hmac-md5-etm@openssh.com', u'hmac-sha1-etm@openssh.com', u'umac-64-etm@openssh.com', u'umac-128-etm@openssh.com', u'hmac-sha2-256-etm@openssh.com', u'hmac-sha2-512-etm@openssh.com', u'hmac-ripemd160-etm@openssh.com', u'hmac-sha1-96-etm@openssh.com', u'hmac-md5-96-etm@openssh.com', u'hmac-md5', u'hmac-sha1', u'umac-64@openssh.com', u'umac-128@openssh.com', u'hmac-sha2-256', u'hmac-sha2-512', u'hmac-ripemd160', u'hmac-ripemd160@openssh.com', u'hmac-sha1-96', u'hmac-md5-96'] server mac:[u'hmac-md5-etm@openssh.com', u'hmac-sha1-etm@openssh.com', u'umac-64-etm@openssh.com', u'umac-128-etm@openssh.com', u'hmac-sha2-256-etm@openssh.com', u'hmac-sha2-512-etm@openssh.com', u'hmac-ripemd160-etm@openssh.com', u'hmac-sha1-96-etm@openssh.com', u'hmac-md5-96-etm@openssh.com', u'hmac-md5', u'hmac-sha1', u'umac-64@openssh.com', u'umac-128@openssh.com', u'hmac-sha2-256', u'hmac-sha2-512', u'hmac-ripemd160', u'hmac-ripemd160@openssh.com', u'hmac-sha1-96', u'hmac-md5-96'] client compress:[u'none', u'zlib@openssh.com'] server compress:[u'none', u'zlib@openssh.com'] client lang:[u''] server lang:[u''] kex follows?False
DEB [20170707-18:28:53.690] thr=4   paramiko.transport: Kex agreed: diffie-hellman-group1-sha1
DEB [20170707-18:28:53.691] thr=4   paramiko.transport: Cipher agreed: aes128-ctr
DEB [20170707-18:28:53.691] thr=4   paramiko.transport: MAC agreed: hmac-sha2-256
DEB [20170707-18:28:53.691] thr=4   paramiko.transport: Compression agreed: none
DEB [20170707-18:28:53.755] thr=4   paramiko.transport: kex engine KexGroup1 specified hash_algo <built-in function openssl_sha1>
DEB [20170707-18:28:53.756] thr=4   paramiko.transport: Switch to new keys ...
DEB [20170707-18:28:53.756] thr=2   paramiko.transport: Adding ssh-rsa host key for 147.228.242.156: 91534f594c88f39d865e5cabdc3a421a
DEB [20170707-18:28:53.757] thr=2   paramiko.transport: Trying key a32cf0d982cb904e8ddee5232852a3c0 from /home/alogo/workspace/DRIP/drip-deployer/1499444932887/1.txt
DEB [20170707-18:28:53.826] thr=4   paramiko.transport: userauth is OK
INF [20170707-18:28:53.848] thr=4   paramiko.transport: Authentication (publickey) successful!
DEB [20170707-18:28:53.858] thr=2   paramiko.transport: [chan 0] Max packet in: 32768 bytes
DEB [20170707-18:28:53.904] thr=4   paramiko.transport: [chan 0] Max packet out: 32768 bytes
DEB [20170707-18:28:53.905] thr=4   paramiko.transport: Secsh channel 0 opened.
DEB [20170707-18:28:53.938] thr=4   paramiko.transport: [chan 0] Sesch channel 0 request ok
DEB [20170707-18:28:53.968] thr=4   paramiko.transport: [chan 0] EOF received (0)
DEB [20170707-18:28:53.969] thr=2   paramiko.transport: [chan 1] Max packet in: 32768 bytes
DEB [20170707-18:28:53.970] thr=4   paramiko.transport: [chan 0] EOF sent (0)
DEB [20170707-18:28:53.985] thr=4   paramiko.transport: [chan 1] Max packet out: 32768 bytes
DEB [20170707-18:28:53.985] thr=4   paramiko.transport: Secsh channel 1 opened.
DEB [20170707-18:28:54.055] thr=4   paramiko.transport: [chan 1] Sesch channel 1 request ok
DEB [20170707-18:28:54.077] thr=4   paramiko.transport: [chan 1] EOF received (1)
DEB [20170707-18:28:54.078] thr=2   paramiko.transport: [chan 2] Max packet in: 32768 bytes
DEB [20170707-18:28:54.079] thr=4   paramiko.transport: [chan 1] EOF sent (1)
DEB [20170707-18:28:54.094] thr=4   paramiko.transport: [chan 2] Max packet out: 32768 bytes
DEB [20170707-18:28:54.094] thr=4   paramiko.transport: Secsh channel 2 opened.
DEB [20170707-18:28:54.163] thr=4   paramiko.transport: [chan 2] Sesch channel 2 request ok
DEB [20170707-18:28:54.923] thr=4   paramiko.transport: [chan 2] EOF received (2)
DEB [20170707-18:28:54.940] thr=4   paramiko.transport: starting thread (client mode): 0xe3f34250L
DEB [20170707-18:28:54.940] thr=4   paramiko.transport: Local version/idstring: SSH-2.0-paramiko_2.1.2
DEB [20170707-18:28:54.960] thr=4   paramiko.transport: Remote version/idstring: SSH-2.0-OpenSSH_6.6.1p1 Ubuntu-2ubuntu2.8
INF [20170707-18:28:54.961] thr=4   paramiko.transport: Connected (version 2.0, client OpenSSH_6.6.1p1)
DEB [20170707-18:28:54.976] thr=4   paramiko.transport: kex algos:[u'curve25519-sha256@libssh.org', u'ecdh-sha2-nistp256', u'ecdh-sha2-nistp384', u'ecdh-sha2-nistp521', u'diffie-hellman-group-exchange-sha256', u'diffie-hellman-group-exchange-sha1', u'diffie-hellman-group14-sha1', u'diffie-hellman-group1-sha1'] server key:[u'ssh-rsa', u'ssh-dss', u'ecdsa-sha2-nistp256', u'ssh-ed25519'] client encrypt:[u'aes128-ctr', u'aes192-ctr', u'aes256-ctr', u'arcfour256', u'arcfour128', u'aes128-gcm@openssh.com', u'aes256-gcm@openssh.com', u'chacha20-poly1305@openssh.com', u'aes128-cbc', u'3des-cbc', u'blowfish-cbc', u'cast128-cbc', u'aes192-cbc', u'aes256-cbc', u'arcfour', u'rijndael-cbc@lysator.liu.se'] server encrypt:[u'aes128-ctr', u'aes192-ctr', u'aes256-ctr', u'arcfour256', u'arcfour128', u'aes128-gcm@openssh.com', u'aes256-gcm@openssh.com', u'chacha20-poly1305@openssh.com', u'aes128-cbc', u'3des-cbc', u'blowfish-cbc', u'cast128-cbc', u'aes192-cbc', u'aes256-cbc', u'arcfour', u'rijndael-cbc@lysator.liu.se'] client mac:[u'hmac-md5-etm@openssh.com', u'hmac-sha1-etm@openssh.com', u'umac-64-etm@openssh.com', u'umac-128-etm@openssh.com', u'hmac-sha2-256-etm@openssh.com', u'hmac-sha2-512-etm@openssh.com', u'hmac-ripemd160-etm@openssh.com', u'hmac-sha1-96-etm@openssh.com', u'hmac-md5-96-etm@openssh.com', u'hmac-md5', u'hmac-sha1', u'umac-64@openssh.com', u'umac-128@openssh.com', u'hmac-sha2-256', u'hmac-sha2-512', u'hmac-ripemd160', u'hmac-ripemd160@openssh.com', u'hmac-sha1-96', u'hmac-md5-96'] server mac:[u'hmac-md5-etm@openssh.com', u'hmac-sha1-etm@openssh.com', u'umac-64-etm@openssh.com', u'umac-128-etm@openssh.com', u'hmac-sha2-256-etm@openssh.com', u'hmac-sha2-512-etm@openssh.com', u'hmac-ripemd160-etm@openssh.com', u'hmac-sha1-96-etm@openssh.com', u'hmac-md5-96-etm@openssh.com', u'hmac-md5', u'hmac-sha1', u'umac-64@openssh.com', u'umac-128@openssh.com', u'hmac-sha2-256', u'hmac-sha2-512', u'hmac-ripemd160', u'hmac-ripemd160@openssh.com', u'hmac-sha1-96', u'hmac-md5-96'] client compress:[u'none', u'zlib@openssh.com'] server compress:[u'none', u'zlib@openssh.com'] client lang:[u''] server lang:[u''] kex follows?False
DEB [20170707-18:28:54.976] thr=4   paramiko.transport: Kex agreed: diffie-hellman-group1-sha1
DEB [20170707-18:28:54.977] thr=4   paramiko.transport: Cipher agreed: aes128-ctr
DEB [20170707-18:28:54.977] thr=4   paramiko.transport: MAC agreed: hmac-sha2-256
DEB [20170707-18:28:54.977] thr=4   paramiko.transport: Compression agreed: none
DEB [20170707-18:28:55.039] thr=4   paramiko.transport: kex engine KexGroup1 specified hash_algo <built-in function openssl_sha1>
DEB [20170707-18:28:55.040] thr=4   paramiko.transport: Switch to new keys ...
DEB [20170707-18:28:55.041] thr=2   paramiko.transport: Adding ssh-rsa host key for 147.228.242.156: 91534f594c88f39d865e5cabdc3a421a
DEB [20170707-18:28:55.042] thr=2   paramiko.transport: Trying key a32cf0d982cb904e8ddee5232852a3c0 from /home/alogo/workspace/DRIP/drip-deployer/1499444932887/2.txt
DEB [20170707-18:28:55.110] thr=4   paramiko.transport: userauth is OK
INF [20170707-18:28:55.132] thr=4   paramiko.transport: Authentication (publickey) successful!
DEB [20170707-18:28:55.143] thr=2   paramiko.transport: [chan 0] Max packet in: 32768 bytes
DEB [20170707-18:28:55.220] thr=4   paramiko.transport: [chan 0] Max packet out: 32768 bytes
DEB [20170707-18:28:55.220] thr=4   paramiko.transport: Secsh channel 0 opened.
DEB [20170707-18:28:55.260] thr=4   paramiko.transport: [chan 0] Sesch channel 0 request ok
DEB [20170707-18:29:03.668] thr=4   paramiko.transport: [chan 0] EOF received (0)
DEB [20170707-18:29:03.669] thr=2   paramiko.transport: [chan 1] Max packet in: 32768 bytes
DEB [20170707-18:29:03.669] thr=4   paramiko.transport: [chan 0] EOF sent (0)
DEB [20170707-18:29:03.685] thr=4   paramiko.transport: [chan 1] Max packet out: 32768 bytes
DEB [20170707-18:29:03.685] thr=4   paramiko.transport: Secsh channel 1 opened.
DEB [20170707-18:29:03.755] thr=4   paramiko.transport: [chan 1] Sesch channel 1 request ok
DEB [20170707-18:29:03.786] thr=4   paramiko.transport: [chan 1] EOF received (1)
DEB [20170707-18:29:03.786] thr=4   paramiko.transport: EOF in transport thread
DEB [20170707-18:29:03.804] thr=5   paramiko.transport: starting thread (client mode): 0xe3f34ed0L
DEB [20170707-18:29:03.804] thr=5   paramiko.transport: Local version/idstring: SSH-2.0-paramiko_2.1.2
DEB [20170707-18:29:03.824] thr=5   paramiko.transport: Remote version/idstring: SSH-2.0-OpenSSH_6.6.1p1 Ubuntu-2ubuntu2.8
INF [20170707-18:29:03.825] thr=5   paramiko.transport: Connected (version 2.0, client OpenSSH_6.6.1p1)
DEB [20170707-18:29:03.840] thr=5   paramiko.transport: kex algos:[u'curve25519-sha256@libssh.org', u'ecdh-sha2-nistp256', u'ecdh-sha2-nistp384', u'ecdh-sha2-nistp521', u'diffie-hellman-group-exchange-sha256', u'diffie-hellman-group-exchange-sha1', u'diffie-hellman-group14-sha1', u'diffie-hellman-group1-sha1'] server key:[u'ssh-rsa', u'ssh-dss', u'ecdsa-sha2-nistp256', u'ssh-ed25519'] client encrypt:[u'aes128-ctr', u'aes192-ctr', u'aes256-ctr', u'arcfour256', u'arcfour128', u'aes128-gcm@openssh.com', u'aes256-gcm@openssh.com', u'chacha20-poly1305@openssh.com', u'aes128-cbc', u'3des-cbc', u'blowfish-cbc', u'cast128-cbc', u'aes192-cbc', u'aes256-cbc', u'arcfour', u'rijndael-cbc@lysator.liu.se'] server encrypt:[u'aes128-ctr', u'aes192-ctr', u'aes256-ctr', u'arcfour256', u'arcfour128', u'aes128-gcm@openssh.com', u'aes256-gcm@openssh.com', u'chacha20-poly1305@openssh.com', u'aes128-cbc', u'3des-cbc', u'blowfish-cbc', u'cast128-cbc', u'aes192-cbc', u'aes256-cbc', u'arcfour', u'rijndael-cbc@lysator.liu.se'] client mac:[u'hmac-md5-etm@openssh.com', u'hmac-sha1-etm@openssh.com', u'umac-64-etm@openssh.com', u'umac-128-etm@openssh.com', u'hmac-sha2-256-etm@openssh.com', u'hmac-sha2-512-etm@openssh.com', u'hmac-ripemd160-etm@openssh.com', u'hmac-sha1-96-etm@openssh.com', u'hmac-md5-96-etm@openssh.com', u'hmac-md5', u'hmac-sha1', u'umac-64@openssh.com', u'umac-128@openssh.com', u'hmac-sha2-256', u'hmac-sha2-512', u'hmac-ripemd160', u'hmac-ripemd160@openssh.com', u'hmac-sha1-96', u'hmac-md5-96'] server mac:[u'hmac-md5-etm@openssh.com', u'hmac-sha1-etm@openssh.com', u'umac-64-etm@openssh.com', u'umac-128-etm@openssh.com', u'hmac-sha2-256-etm@openssh.com', u'hmac-sha2-512-etm@openssh.com', u'hmac-ripemd160-etm@openssh.com', u'hmac-sha1-96-etm@openssh.com', u'hmac-md5-96-etm@openssh.com', u'hmac-md5', u'hmac-sha1', u'umac-64@openssh.com', u'umac-128@openssh.com', u'hmac-sha2-256', u'hmac-sha2-512', u'hmac-ripemd160', u'hmac-ripemd160@openssh.com', u'hmac-sha1-96', u'hmac-md5-96'] client compress:[u'none', u'zlib@openssh.com'] server compress:[u'none', u'zlib@openssh.com'] client lang:[u''] server lang:[u''] kex follows?False
DEB [20170707-18:29:03.841] thr=5   paramiko.transport: Kex agreed: diffie-hellman-group1-sha1
DEB [20170707-18:29:03.841] thr=5   paramiko.transport: Cipher agreed: aes128-ctr
DEB [20170707-18:29:03.841] thr=5   paramiko.transport: MAC agreed: hmac-sha2-256
DEB [20170707-18:29:03.841] thr=5   paramiko.transport: Compression agreed: none
DEB [20170707-18:29:03.903] thr=5   paramiko.transport: kex engine KexGroup1 specified hash_algo <built-in function openssl_sha1>
DEB [20170707-18:29:03.903] thr=5   paramiko.transport: Switch to new keys ...
DEB [20170707-18:29:03.904] thr=2   paramiko.transport: Adding ssh-rsa host key for 147.228.242.156: 91534f594c88f39d865e5cabdc3a421a
DEB [20170707-18:29:03.905] thr=2   paramiko.transport: Trying key a32cf0d982cb904e8ddee5232852a3c0 from /home/alogo/workspace/DRIP/drip-deployer/1499444932887/1.txt
DEB [20170707-18:29:03.974] thr=5   paramiko.transport: userauth is OK
INF [20170707-18:29:03.997] thr=5   paramiko.transport: Authentication (publickey) successful!
DEB [20170707-18:29:04.006] thr=2   paramiko.transport: [chan 0] Max packet in: 32768 bytes
DEB [20170707-18:29:04.073] thr=5   paramiko.transport: [chan 0] Max packet out: 32768 bytes
DEB [20170707-18:29:04.073] thr=5   paramiko.transport: Secsh channel 0 opened.
DEB [20170707-18:29:04.123] thr=5   paramiko.transport: [chan 0] Sesch channel 0 request ok
INF [20170707-18:29:04.140] thr=2   paramiko.transport.sftp: [chan 0] Opened sftp connection (server version 3)
DEB [20170707-18:29:04.140] thr=2   paramiko.transport.sftp: [chan 0] stat('/tmp/')
DEB [20170707-18:29:04.157] thr=2   paramiko.transport.sftp: [chan 0] normalize('/tmp/')
DEB [20170707-18:29:04.175] thr=2   paramiko.transport.sftp: [chan 0] open('/tmp/docker-compose.yml', 'wb')
DEB [20170707-18:29:04.192] thr=2   paramiko.transport.sftp: [chan 0] open('/tmp/docker-compose.yml', 'wb') -> 00000000
DEB [20170707-18:29:04.193] thr=2   paramiko.transport.sftp: [chan 0] close(00000000)
DEB [20170707-18:29:04.225] thr=2   paramiko.transport.sftp: [chan 0] stat('/tmp/docker-compose.yml')
DEB [20170707-18:29:04.242] thr=2   paramiko.transport: [chan 1] Max packet in: 32768 bytes
DEB [20170707-18:29:04.259] thr=5   paramiko.transport: [chan 1] Max packet out: 32768 bytes
DEB [20170707-18:29:04.259] thr=5   paramiko.transport: Secsh channel 1 opened.
DEB [20170707-18:29:04.291] thr=5   paramiko.transport: [chan 1] Sesch channel 1 request ok
DEB [20170707-18:29:04.320] thr=5   paramiko.transport: [chan 1] EOF received (1)
DEB [20170707-18:29:04.321] thr=5   paramiko.transport: [chan 1] EOF sent (1)
DEB [20170707-18:29:04.321] thr=5   paramiko.transport: Dropping user packet because connection is dead.
DEB [20170707-18:29:04.321] thr=5   paramiko.transport: Dropping user packet because connection is dead.
DEB [20170707-18:29:14.347] thr=6   paramiko.transport: starting thread (client mode): 0xe3f3c590L
DEB [20170707-18:29:14.347] thr=6   paramiko.transport: Local version/idstring: SSH-2.0-paramiko_2.1.2
DEB [20170707-18:29:14.374] thr=6   paramiko.transport: Remote version/idstring: SSH-2.0-OpenSSH_6.6.1p1 Ubuntu-2ubuntu2.8
INF [20170707-18:29:14.374] thr=6   paramiko.transport: Connected (version 2.0, client OpenSSH_6.6.1p1)
DEB [20170707-18:29:14.389] thr=6   paramiko.transport: kex algos:[u'curve25519-sha256@libssh.org', u'ecdh-sha2-nistp256', u'ecdh-sha2-nistp384', u'ecdh-sha2-nistp521', u'diffie-hellman-group-exchange-sha256', u'diffie-hellman-group-exchange-sha1', u'diffie-hellman-group14-sha1', u'diffie-hellman-group1-sha1'] server key:[u'ssh-rsa', u'ssh-dss', u'ecdsa-sha2-nistp256', u'ssh-ed25519'] client encrypt:[u'aes128-ctr', u'aes192-ctr', u'aes256-ctr', u'arcfour256', u'arcfour128', u'aes128-gcm@openssh.com', u'aes256-gcm@openssh.com', u'chacha20-poly1305@openssh.com', u'aes128-cbc', u'3des-cbc', u'blowfish-cbc', u'cast128-cbc', u'aes192-cbc', u'aes256-cbc', u'arcfour', u'rijndael-cbc@lysator.liu.se'] server encrypt:[u'aes128-ctr', u'aes192-ctr', u'aes256-ctr', u'arcfour256', u'arcfour128', u'aes128-gcm@openssh.com', u'aes256-gcm@openssh.com', u'chacha20-poly1305@openssh.com', u'aes128-cbc', u'3des-cbc', u'blowfish-cbc', u'cast128-cbc', u'aes192-cbc', u'aes256-cbc', u'arcfour', u'rijndael-cbc@lysator.liu.se'] client mac:[u'hmac-md5-etm@openssh.com', u'hmac-sha1-etm@openssh.com', u'umac-64-etm@openssh.com', u'umac-128-etm@openssh.com', u'hmac-sha2-256-etm@openssh.com', u'hmac-sha2-512-etm@openssh.com', u'hmac-ripemd160-etm@openssh.com', u'hmac-sha1-96-etm@openssh.com', u'hmac-md5-96-etm@openssh.com', u'hmac-md5', u'hmac-sha1', u'umac-64@openssh.com', u'umac-128@openssh.com', u'hmac-sha2-256', u'hmac-sha2-512', u'hmac-ripemd160', u'hmac-ripemd160@openssh.com', u'hmac-sha1-96', u'hmac-md5-96'] server mac:[u'hmac-md5-etm@openssh.com', u'hmac-sha1-etm@openssh.com', u'umac-64-etm@openssh.com', u'umac-128-etm@openssh.com', u'hmac-sha2-256-etm@openssh.com', u'hmac-sha2-512-etm@openssh.com', u'hmac-ripemd160-etm@openssh.com', u'hmac-sha1-96-etm@openssh.com', u'hmac-md5-96-etm@openssh.com', u'hmac-md5', u'hmac-sha1', u'umac-64@openssh.com', u'umac-128@openssh.com', u'hmac-sha2-256', u'hmac-sha2-512', u'hmac-ripemd160', u'hmac-ripemd160@openssh.com', u'hmac-sha1-96', u'hmac-md5-96'] client compress:[u'none', u'zlib@openssh.com'] server compress:[u'none', u'zlib@openssh.com'] client lang:[u''] server lang:[u''] kex follows?False
DEB [20170707-18:29:14.390] thr=6   paramiko.transport: Kex agreed: diffie-hellman-group1-sha1
DEB [20170707-18:29:14.390] thr=6   paramiko.transport: Cipher agreed: aes128-ctr
DEB [20170707-18:29:14.390] thr=6   paramiko.transport: MAC agreed: hmac-sha2-256
DEB [20170707-18:29:14.390] thr=6   paramiko.transport: Compression agreed: none
DEB [20170707-18:29:14.454] thr=6   paramiko.transport: kex engine KexGroup1 specified hash_algo <built-in function openssl_sha1>
DEB [20170707-18:29:14.454] thr=6   paramiko.transport: Switch to new keys ...
DEB [20170707-18:29:14.456] thr=2   paramiko.transport: Adding ssh-rsa host key for 147.228.242.156: 91534f594c88f39d865e5cabdc3a421a
DEB [20170707-18:29:14.457] thr=2   paramiko.transport: Trying key a32cf0d982cb904e8ddee5232852a3c0 from /home/alogo/workspace/DRIP/drip-deployer/1499444954330/1.txt
DEB [20170707-18:29:14.522] thr=6   paramiko.transport: userauth is OK
INF [20170707-18:29:14.548] thr=6   paramiko.transport: Authentication (publickey) successful!
DEB [20170707-18:29:14.558] thr=2   paramiko.transport: [chan 0] Max packet in: 32768 bytes
DEB [20170707-18:29:14.629] thr=6   paramiko.transport: [chan 0] Max packet out: 32768 bytes
DEB [20170707-18:29:14.630] thr=6   paramiko.transport: Secsh channel 0 opened.
DEB [20170707-18:29:14.675] thr=6   paramiko.transport: [chan 0] Sesch channel 0 request ok
DEB [20170707-18:29:14.706] thr=6   paramiko.transport: [chan 0] EOF received (0)
DEB [20170707-18:29:14.707] thr=6   paramiko.transport: [chan 0] EOF sent (0)
DEB [20170707-18:29:14.723] thr=7   paramiko.transport: starting thread (client mode): 0xe3f34790L
DEB [20170707-18:29:14.723] thr=7   paramiko.transport: Local version/idstring: SSH-2.0-paramiko_2.1.2
DEB [20170707-18:29:14.749] thr=7   paramiko.transport: Remote version/idstring: SSH-2.0-OpenSSH_6.6.1p1 Ubuntu-2ubuntu2.8
INF [20170707-18:29:14.749] thr=7   paramiko.transport: Connected (version 2.0, client OpenSSH_6.6.1p1)
DEB [20170707-18:29:14.765] thr=7   paramiko.transport: kex algos:[u'curve25519-sha256@libssh.org', u'ecdh-sha2-nistp256', u'ecdh-sha2-nistp384', u'ecdh-sha2-nistp521', u'diffie-hellman-group-exchange-sha256', u'diffie-hellman-group-exchange-sha1', u'diffie-hellman-group14-sha1', u'diffie-hellman-group1-sha1'] server key:[u'ssh-rsa', u'ssh-dss', u'ecdsa-sha2-nistp256', u'ssh-ed25519'] client encrypt:[u'aes128-ctr', u'aes192-ctr', u'aes256-ctr', u'arcfour256', u'arcfour128', u'aes128-gcm@openssh.com', u'aes256-gcm@openssh.com', u'chacha20-poly1305@openssh.com', u'aes128-cbc', u'3des-cbc', u'blowfish-cbc', u'cast128-cbc', u'aes192-cbc', u'aes256-cbc', u'arcfour', u'rijndael-cbc@lysator.liu.se'] server encrypt:[u'aes128-ctr', u'aes192-ctr', u'aes256-ctr', u'arcfour256', u'arcfour128', u'aes128-gcm@openssh.com', u'aes256-gcm@openssh.com', u'chacha20-poly1305@openssh.com', u'aes128-cbc', u'3des-cbc', u'blowfish-cbc', u'cast128-cbc', u'aes192-cbc', u'aes256-cbc', u'arcfour', u'rijndael-cbc@lysator.liu.se'] client mac:[u'hmac-md5-etm@openssh.com', u'hmac-sha1-etm@openssh.com', u'umac-64-etm@openssh.com', u'umac-128-etm@openssh.com', u'hmac-sha2-256-etm@openssh.com', u'hmac-sha2-512-etm@openssh.com', u'hmac-ripemd160-etm@openssh.com', u'hmac-sha1-96-etm@openssh.com', u'hmac-md5-96-etm@openssh.com', u'hmac-md5', u'hmac-sha1', u'umac-64@openssh.com', u'umac-128@openssh.com', u'hmac-sha2-256', u'hmac-sha2-512', u'hmac-ripemd160', u'hmac-ripemd160@openssh.com', u'hmac-sha1-96', u'hmac-md5-96'] server mac:[u'hmac-md5-etm@openssh.com', u'hmac-sha1-etm@openssh.com', u'umac-64-etm@openssh.com', u'umac-128-etm@openssh.com', u'hmac-sha2-256-etm@openssh.com', u'hmac-sha2-512-etm@openssh.com', u'hmac-ripemd160-etm@openssh.com', u'hmac-sha1-96-etm@openssh.com', u'hmac-md5-96-etm@openssh.com', u'hmac-md5', u'hmac-sha1', u'umac-64@openssh.com', u'umac-128@openssh.com', u'hmac-sha2-256', u'hmac-sha2-512', u'hmac-ripemd160', u'hmac-ripemd160@openssh.com', u'hmac-sha1-96', u'hmac-md5-96'] client compress:[u'none', u'zlib@openssh.com'] server compress:[u'none', u'zlib@openssh.com'] client lang:[u''] server lang:[u''] kex follows?False
DEB [20170707-18:29:14.765] thr=7   paramiko.transport: Kex agreed: diffie-hellman-group1-sha1
DEB [20170707-18:29:14.765] thr=7   paramiko.transport: Cipher agreed: aes128-ctr
DEB [20170707-18:29:14.765] thr=7   paramiko.transport: MAC agreed: hmac-sha2-256
DEB [20170707-18:29:14.765] thr=7   paramiko.transport: Compression agreed: none
DEB [20170707-18:29:14.839] thr=7   paramiko.transport: kex engine KexGroup1 specified hash_algo <built-in function openssl_sha1>
DEB [20170707-18:29:14.840] thr=7   paramiko.transport: Switch to new keys ...
DEB [20170707-18:29:14.842] thr=2   paramiko.transport: Adding ssh-rsa host key for 147.228.242.156: 91534f594c88f39d865e5cabdc3a421a
DEB [20170707-18:29:14.843] thr=2   paramiko.transport: Trying key a32cf0d982cb904e8ddee5232852a3c0 from /home/alogo/workspace/DRIP/drip-deployer/1499444954330/2.txt
DEB [20170707-18:29:14.910] thr=7   paramiko.transport: userauth is OK
INF [20170707-18:29:14.939] thr=7   paramiko.transport: Authentication (publickey) successful!
DEB [20170707-18:29:14.944] thr=2   paramiko.transport: [chan 0] Max packet in: 32768 bytes
DEB [20170707-18:29:15.017] thr=7   paramiko.transport: [chan 0] Max packet out: 32768 bytes
DEB [20170707-18:29:15.017] thr=7   paramiko.transport: Secsh channel 0 opened.
DEB [20170707-18:29:15.062] thr=7   paramiko.transport: [chan 0] Sesch channel 0 request ok
DEB [20170707-18:29:15.089] thr=7   paramiko.transport: [chan 0] EOF received (0)
DEB [20170707-18:29:15.090] thr=7   paramiko.transport: [chan 0] EOF sent (0)
DEB [20170707-18:29:15.106] thr=8   paramiko.transport: starting thread (client mode): 0xe2ec6a90L
DEB [20170707-18:29:15.106] thr=8   paramiko.transport: Local version/idstring: SSH-2.0-paramiko_2.1.2
DEB [20170707-18:29:15.130] thr=8   paramiko.transport: Remote version/idstring: SSH-2.0-OpenSSH_6.6.1p1 Ubuntu-2ubuntu2.8
INF [20170707-18:29:15.131] thr=8   paramiko.transport: Connected (version 2.0, client OpenSSH_6.6.1p1)
DEB [20170707-18:29:15.146] thr=8   paramiko.transport: kex algos:[u'curve25519-sha256@libssh.org', u'ecdh-sha2-nistp256', u'ecdh-sha2-nistp384', u'ecdh-sha2-nistp521', u'diffie-hellman-group-exchange-sha256', u'diffie-hellman-group-exchange-sha1', u'diffie-hellman-group14-sha1', u'diffie-hellman-group1-sha1'] server key:[u'ssh-rsa', u'ssh-dss', u'ecdsa-sha2-nistp256', u'ssh-ed25519'] client encrypt:[u'aes128-ctr', u'aes192-ctr', u'aes256-ctr', u'arcfour256', u'arcfour128', u'aes128-gcm@openssh.com', u'aes256-gcm@openssh.com', u'chacha20-poly1305@openssh.com', u'aes128-cbc', u'3des-cbc', u'blowfish-cbc', u'cast128-cbc', u'aes192-cbc', u'aes256-cbc', u'arcfour', u'rijndael-cbc@lysator.liu.se'] server encrypt:[u'aes128-ctr', u'aes192-ctr', u'aes256-ctr', u'arcfour256', u'arcfour128', u'aes128-gcm@openssh.com', u'aes256-gcm@openssh.com', u'chacha20-poly1305@openssh.com', u'aes128-cbc', u'3des-cbc', u'blowfish-cbc', u'cast128-cbc', u'aes192-cbc', u'aes256-cbc', u'arcfour', u'rijndael-cbc@lysator.liu.se'] client mac:[u'hmac-md5-etm@openssh.com', u'hmac-sha1-etm@openssh.com', u'umac-64-etm@openssh.com', u'umac-128-etm@openssh.com', u'hmac-sha2-256-etm@openssh.com', u'hmac-sha2-512-etm@openssh.com', u'hmac-ripemd160-etm@openssh.com', u'hmac-sha1-96-etm@openssh.com', u'hmac-md5-96-etm@openssh.com', u'hmac-md5', u'hmac-sha1', u'umac-64@openssh.com', u'umac-128@openssh.com', u'hmac-sha2-256', u'hmac-sha2-512', u'hmac-ripemd160', u'hmac-ripemd160@openssh.com', u'hmac-sha1-96', u'hmac-md5-96'] server mac:[u'hmac-md5-etm@openssh.com', u'hmac-sha1-etm@openssh.com', u'umac-64-etm@openssh.com', u'umac-128-etm@openssh.com', u'hmac-sha2-256-etm@openssh.com', u'hmac-sha2-512-etm@openssh.com', u'hmac-ripemd160-etm@openssh.com', u'hmac-sha1-96-etm@openssh.com', u'hmac-md5-96-etm@openssh.com', u'hmac-md5', u'hmac-sha1', u'umac-64@openssh.com', u'umac-128@openssh.com', u'hmac-sha2-256', u'hmac-sha2-512', u'hmac-ripemd160', u'hmac-ripemd160@openssh.com', u'hmac-sha1-96', u'hmac-md5-96'] client compress:[u'none', u'zlib@openssh.com'] server compress:[u'none', u'zlib@openssh.com'] client lang:[u''] server lang:[u''] kex follows?False
DEB [20170707-18:29:15.146] thr=8   paramiko.transport: Kex agreed: diffie-hellman-group1-sha1
DEB [20170707-18:29:15.146] thr=8   paramiko.transport: Cipher agreed: aes128-ctr
DEB [20170707-18:29:15.147] thr=8   paramiko.transport: MAC agreed: hmac-sha2-256
DEB [20170707-18:29:15.147] thr=8   paramiko.transport: Compression agreed: none
DEB [20170707-18:29:15.214] thr=8   paramiko.transport: kex engine KexGroup1 specified hash_algo <built-in function openssl_sha1>
DEB [20170707-18:29:15.215] thr=8   paramiko.transport: Switch to new keys ...
DEB [20170707-18:29:15.216] thr=2   paramiko.transport: Adding ssh-rsa host key for 147.228.242.156: 91534f594c88f39d865e5cabdc3a421a
DEB [20170707-18:29:15.217] thr=2   paramiko.transport: Trying key a32cf0d982cb904e8ddee5232852a3c0 from /home/alogo/workspace/DRIP/drip-deployer/1499444954330/1.txt
DEB [20170707-18:29:15.282] thr=8   paramiko.transport: userauth is OK
INF [20170707-18:29:15.308] thr=8   paramiko.transport: Authentication (publickey) successful!
DEB [20170707-18:29:15.318] thr=2   paramiko.transport: [chan 0] Max packet in: 32768 bytes
DEB [20170707-18:29:15.386] thr=8   paramiko.transport: [chan 0] Max packet out: 32768 bytes
DEB [20170707-18:29:15.386] thr=8   paramiko.transport: Secsh channel 0 opened.
DEB [20170707-18:29:15.436] thr=8   paramiko.transport: [chan 0] Sesch channel 0 request ok
DEB [20170707-18:29:15.487] thr=8   paramiko.transport: [chan 0] EOF received (0)
DEB [20170707-18:29:15.488] thr=2   paramiko.transport: [chan 1] Max packet in: 32768 bytes
DEB [20170707-18:29:15.489] thr=8   paramiko.transport: [chan 0] EOF sent (0)
DEB [20170707-18:29:15.504] thr=8   paramiko.transport: [chan 1] Max packet out: 32768 bytes
DEB [20170707-18:29:15.504] thr=8   paramiko.transport: Secsh channel 1 opened.
DEB [20170707-18:29:15.575] thr=8   paramiko.transport: [chan 1] Sesch channel 1 request ok
DEB [20170707-18:29:15.610] thr=8   paramiko.transport: [chan 1] EOF received (1)
DEB [20170707-18:29:15.610] thr=8   paramiko.transport: [chan 1] EOF sent (1)
DEB [20170707-18:29:15.610] thr=2   paramiko.transport: [chan 2] Max packet in: 32768 bytes
DEB [20170707-18:29:15.678] thr=8   paramiko.transport: [chan 2] Max packet out: 32768 bytes
DEB [20170707-18:29:15.678] thr=8   paramiko.transport: Secsh channel 2 opened.
DEB [20170707-18:29:15.728] thr=8   paramiko.transport: [chan 2] Sesch channel 2 request ok
DEB [20170707-18:29:16.461] thr=8   paramiko.transport: [chan 2] EOF received (2)
DEB [20170707-18:29:16.462] thr=8   paramiko.transport: EOF in transport thread
DEB [20170707-18:29:16.480] thr=9   paramiko.transport: starting thread (client mode): 0xe2ec6c90L
DEB [20170707-18:29:16.480] thr=9   paramiko.transport: Local version/idstring: SSH-2.0-paramiko_2.1.2
DEB [20170707-18:29:16.500] thr=9   paramiko.transport: Remote version/idstring: SSH-2.0-OpenSSH_6.6.1p1 Ubuntu-2ubuntu2.8
INF [20170707-18:29:16.500] thr=9   paramiko.transport: Connected (version 2.0, client OpenSSH_6.6.1p1)
DEB [20170707-18:29:16.515] thr=9   paramiko.transport: kex algos:[u'curve25519-sha256@libssh.org', u'ecdh-sha2-nistp256', u'ecdh-sha2-nistp384', u'ecdh-sha2-nistp521', u'diffie-hellman-group-exchange-sha256', u'diffie-hellman-group-exchange-sha1', u'diffie-hellman-group14-sha1', u'diffie-hellman-group1-sha1'] server key:[u'ssh-rsa', u'ssh-dss', u'ecdsa-sha2-nistp256', u'ssh-ed25519'] client encrypt:[u'aes128-ctr', u'aes192-ctr', u'aes256-ctr', u'arcfour256', u'arcfour128', u'aes128-gcm@openssh.com', u'aes256-gcm@openssh.com', u'chacha20-poly1305@openssh.com', u'aes128-cbc', u'3des-cbc', u'blowfish-cbc', u'cast128-cbc', u'aes192-cbc', u'aes256-cbc', u'arcfour', u'rijndael-cbc@lysator.liu.se'] server encrypt:[u'aes128-ctr', u'aes192-ctr', u'aes256-ctr', u'arcfour256', u'arcfour128', u'aes128-gcm@openssh.com', u'aes256-gcm@openssh.com', u'chacha20-poly1305@openssh.com', u'aes128-cbc', u'3des-cbc', u'blowfish-cbc', u'cast128-cbc', u'aes192-cbc', u'aes256-cbc', u'arcfour', u'rijndael-cbc@lysator.liu.se'] client mac:[u'hmac-md5-etm@openssh.com', u'hmac-sha1-etm@openssh.com', u'umac-64-etm@openssh.com', u'umac-128-etm@openssh.com', u'hmac-sha2-256-etm@openssh.com', u'hmac-sha2-512-etm@openssh.com', u'hmac-ripemd160-etm@openssh.com', u'hmac-sha1-96-etm@openssh.com', u'hmac-md5-96-etm@openssh.com', u'hmac-md5', u'hmac-sha1', u'umac-64@openssh.com', u'umac-128@openssh.com', u'hmac-sha2-256', u'hmac-sha2-512', u'hmac-ripemd160', u'hmac-ripemd160@openssh.com', u'hmac-sha1-96', u'hmac-md5-96'] server mac:[u'hmac-md5-etm@openssh.com', u'hmac-sha1-etm@openssh.com', u'umac-64-etm@openssh.com', u'umac-128-etm@openssh.com', u'hmac-sha2-256-etm@openssh.com', u'hmac-sha2-512-etm@openssh.com', u'hmac-ripemd160-etm@openssh.com', u'hmac-sha1-96-etm@openssh.com', u'hmac-md5-96-etm@openssh.com', u'hmac-md5', u'hmac-sha1', u'umac-64@openssh.com', u'umac-128@openssh.com', u'hmac-sha2-256', u'hmac-sha2-512', u'hmac-ripemd160', u'hmac-ripemd160@openssh.com', u'hmac-sha1-96', u'hmac-md5-96'] client compress:[u'none', u'zlib@openssh.com'] server compress:[u'none', u'zlib@openssh.com'] client lang:[u''] server lang:[u''] kex follows?False
DEB [20170707-18:29:16.516] thr=9   paramiko.transport: Kex agreed: diffie-hellman-group1-sha1
DEB [20170707-18:29:16.516] thr=9   paramiko.transport: Cipher agreed: aes128-ctr
DEB [20170707-18:29:16.516] thr=9   paramiko.transport: MAC agreed: hmac-sha2-256
DEB [20170707-18:29:16.516] thr=9   paramiko.transport: Compression agreed: none
DEB [20170707-18:29:16.582] thr=9   paramiko.transport: kex engine KexGroup1 specified hash_algo <built-in function openssl_sha1>
DEB [20170707-18:29:16.582] thr=9   paramiko.transport: Switch to new keys ...
DEB [20170707-18:29:16.583] thr=2   paramiko.transport: Adding ssh-rsa host key for 147.228.242.156: 91534f594c88f39d865e5cabdc3a421a
DEB [20170707-18:29:16.584] thr=2   paramiko.transport: Trying key a32cf0d982cb904e8ddee5232852a3c0 from /home/alogo/workspace/DRIP/drip-deployer/1499444954330/2.txt
DEB [20170707-18:29:16.650] thr=9   paramiko.transport: userauth is OK
INF [20170707-18:29:16.672] thr=9   paramiko.transport: Authentication (publickey) successful!
DEB [20170707-18:29:16.685] thr=2   paramiko.transport: [chan 0] Max packet in: 32768 bytes
DEB [20170707-18:29:16.749] thr=9   paramiko.transport: [chan 0] Max packet out: 32768 bytes
DEB [20170707-18:29:16.749] thr=9   paramiko.transport: Secsh channel 0 opened.
DEB [20170707-18:29:16.802] thr=9   paramiko.transport: [chan 0] Sesch channel 0 request ok
DEB [20170707-18:29:17.326] thr=9   paramiko.transport: [chan 0] EOF received (0)
DEB [20170707-18:29:17.326] thr=2   paramiko.transport: [chan 1] Max packet in: 32768 bytes
DEB [20170707-18:29:17.327] thr=9   paramiko.transport: [chan 0] EOF sent (0)
DEB [20170707-18:29:17.342] thr=9   paramiko.transport: [chan 1] Max packet out: 32768 bytes
DEB [20170707-18:29:17.343] thr=9   paramiko.transport: Secsh channel 1 opened.
DEB [20170707-18:29:17.410] thr=9   paramiko.transport: [chan 1] Sesch channel 1 request ok
DEB [20170707-18:29:17.435] thr=9   paramiko.transport: [chan 1] EOF received (1)
DEB [20170707-18:29:17.452] thr=10  paramiko.transport: starting thread (client mode): 0xe3f34890L
DEB [20170707-18:29:17.453] thr=10  paramiko.transport: Local version/idstring: SSH-2.0-paramiko_2.1.2
DEB [20170707-18:29:17.473] thr=10  paramiko.transport: Remote version/idstring: SSH-2.0-OpenSSH_6.6.1p1 Ubuntu-2ubuntu2.8
INF [20170707-18:29:17.474] thr=10  paramiko.transport: Connected (version 2.0, client OpenSSH_6.6.1p1)
DEB [20170707-18:29:17.489] thr=10  paramiko.transport: kex algos:[u'curve25519-sha256@libssh.org', u'ecdh-sha2-nistp256', u'ecdh-sha2-nistp384', u'ecdh-sha2-nistp521', u'diffie-hellman-group-exchange-sha256', u'diffie-hellman-group-exchange-sha1', u'diffie-hellman-group14-sha1', u'diffie-hellman-group1-sha1'] server key:[u'ssh-rsa', u'ssh-dss', u'ecdsa-sha2-nistp256', u'ssh-ed25519'] client encrypt:[u'aes128-ctr', u'aes192-ctr', u'aes256-ctr', u'arcfour256', u'arcfour128', u'aes128-gcm@openssh.com', u'aes256-gcm@openssh.com', u'chacha20-poly1305@openssh.com', u'aes128-cbc', u'3des-cbc', u'blowfish-cbc', u'cast128-cbc', u'aes192-cbc', u'aes256-cbc', u'arcfour', u'rijndael-cbc@lysator.liu.se'] server encrypt:[u'aes128-ctr', u'aes192-ctr', u'aes256-ctr', u'arcfour256', u'arcfour128', u'aes128-gcm@openssh.com', u'aes256-gcm@openssh.com', u'chacha20-poly1305@openssh.com', u'aes128-cbc', u'3des-cbc', u'blowfish-cbc', u'cast128-cbc', u'aes192-cbc', u'aes256-cbc', u'arcfour', u'rijndael-cbc@lysator.liu.se'] client mac:[u'hmac-md5-etm@openssh.com', u'hmac-sha1-etm@openssh.com', u'umac-64-etm@openssh.com', u'umac-128-etm@openssh.com', u'hmac-sha2-256-etm@openssh.com', u'hmac-sha2-512-etm@openssh.com', u'hmac-ripemd160-etm@openssh.com', u'hmac-sha1-96-etm@openssh.com', u'hmac-md5-96-etm@openssh.com', u'hmac-md5', u'hmac-sha1', u'umac-64@openssh.com', u'umac-128@openssh.com', u'hmac-sha2-256', u'hmac-sha2-512', u'hmac-ripemd160', u'hmac-ripemd160@openssh.com', u'hmac-sha1-96', u'hmac-md5-96'] server mac:[u'hmac-md5-etm@openssh.com', u'hmac-sha1-etm@openssh.com', u'umac-64-etm@openssh.com', u'umac-128-etm@openssh.com', u'hmac-sha2-256-etm@openssh.com', u'hmac-sha2-512-etm@openssh.com', u'hmac-ripemd160-etm@openssh.com', u'hmac-sha1-96-etm@openssh.com', u'hmac-md5-96-etm@openssh.com', u'hmac-md5', u'hmac-sha1', u'umac-64@openssh.com', u'umac-128@openssh.com', u'hmac-sha2-256', u'hmac-sha2-512', u'hmac-ripemd160', u'hmac-ripemd160@openssh.com', u'hmac-sha1-96', u'hmac-md5-96'] client compress:[u'none', u'zlib@openssh.com'] server compress:[u'none', u'zlib@openssh.com'] client lang:[u''] server lang:[u''] kex follows?False
DEB [20170707-18:29:17.489] thr=10  paramiko.transport: Kex agreed: diffie-hellman-group1-sha1
DEB [20170707-18:29:17.490] thr=10  paramiko.transport: Cipher agreed: aes128-ctr
DEB [20170707-18:29:17.490] thr=10  paramiko.transport: MAC agreed: hmac-sha2-256
DEB [20170707-18:29:17.490] thr=10  paramiko.transport: Compression agreed: none
DEB [20170707-18:29:17.551] thr=10  paramiko.transport: kex engine KexGroup1 specified hash_algo <built-in function openssl_sha1>
DEB [20170707-18:29:17.551] thr=10  paramiko.transport: Switch to new keys ...
DEB [20170707-18:29:17.553] thr=2   paramiko.transport: Adding ssh-rsa host key for 147.228.242.156: 91534f594c88f39d865e5cabdc3a421a
DEB [20170707-18:29:17.554] thr=2   paramiko.transport: Trying key a32cf0d982cb904e8ddee5232852a3c0 from /home/alogo/workspace/DRIP/drip-deployer/1499444954330/1.txt
DEB [20170707-18:29:17.622] thr=10  paramiko.transport: userauth is OK
INF [20170707-18:29:17.648] thr=10  paramiko.transport: Authentication (publickey) successful!
DEB [20170707-18:29:17.655] thr=2   paramiko.transport: [chan 0] Max packet in: 32768 bytes
DEB [20170707-18:29:17.717] thr=10  paramiko.transport: [chan 0] Max packet out: 32768 bytes
DEB [20170707-18:29:17.718] thr=10  paramiko.transport: Secsh channel 0 opened.
DEB [20170707-18:29:17.736] thr=10  paramiko.transport: [chan 0] Sesch channel 0 request ok
INF [20170707-18:29:17.753] thr=2   paramiko.transport.sftp: [chan 0] Opened sftp connection (server version 3)
DEB [20170707-18:29:17.753] thr=2   paramiko.transport.sftp: [chan 0] stat('/tmp/')
DEB [20170707-18:29:17.770] thr=2   paramiko.transport.sftp: [chan 0] normalize('/tmp/')
DEB [20170707-18:29:17.786] thr=2   paramiko.transport.sftp: [chan 0] open('/tmp/docker-compose.yml', 'wb')
DEB [20170707-18:29:17.803] thr=2   paramiko.transport.sftp: [chan 0] open('/tmp/docker-compose.yml', 'wb') -> 00000000
DEB [20170707-18:29:17.803] thr=2   paramiko.transport.sftp: [chan 0] close(00000000)
DEB [20170707-18:29:17.835] thr=2   paramiko.transport.sftp: [chan 0] stat('/tmp/docker-compose.yml')
DEB [20170707-18:29:17.852] thr=2   paramiko.transport: [chan 1] Max packet in: 32768 bytes
DEB [20170707-18:29:17.868] thr=10  paramiko.transport: [chan 1] Max packet out: 32768 bytes
DEB [20170707-18:29:17.868] thr=10  paramiko.transport: Secsh channel 1 opened.
DEB [20170707-18:29:17.901] thr=10  paramiko.transport: [chan 1] Sesch channel 1 request ok
DEB [20170707-18:29:17.930] thr=10  paramiko.transport: [chan 1] EOF received (1)
DEB [20170707-18:29:17.931] thr=10  paramiko.transport: [chan 1] EOF sent (1)
DEB [20170707-18:29:17.932] thr=10  paramiko.transport: EOF in transport thread
DEB [20170707-18:30:28.007] thr=11  paramiko.transport: starting thread (client mode): 0xe2ec6fd0L
DEB [20170707-18:30:28.008] thr=11  paramiko.transport: Local version/idstring: SSH-2.0-paramiko_2.1.2
DEB [20170707-18:30:28.034] thr=11  paramiko.transport: Remote version/idstring: SSH-2.0-OpenSSH_6.6.1p1 Ubuntu-2ubuntu2.8
INF [20170707-18:30:28.034] thr=11  paramiko.transport: Connected (version 2.0, client OpenSSH_6.6.1p1)
DEB [20170707-18:30:28.050] thr=11  paramiko.transport: kex algos:[u'curve25519-sha256@libssh.org', u'ecdh-sha2-nistp256', u'ecdh-sha2-nistp384', u'ecdh-sha2-nistp521', u'diffie-hellman-group-exchange-sha256', u'diffie-hellman-group-exchange-sha1', u'diffie-hellman-group14-sha1', u'diffie-hellman-group1-sha1'] server key:[u'ssh-rsa', u'ssh-dss', u'ecdsa-sha2-nistp256', u'ssh-ed25519'] client encrypt:[u'aes128-ctr', u'aes192-ctr', u'aes256-ctr', u'arcfour256', u'arcfour128', u'aes128-gcm@openssh.com', u'aes256-gcm@openssh.com', u'chacha20-poly1305@openssh.com', u'aes128-cbc', u'3des-cbc', u'blowfish-cbc', u'cast128-cbc', u'aes192-cbc', u'aes256-cbc', u'arcfour', u'rijndael-cbc@lysator.liu.se'] server encrypt:[u'aes128-ctr', u'aes192-ctr', u'aes256-ctr', u'arcfour256', u'arcfour128', u'aes128-gcm@openssh.com', u'aes256-gcm@openssh.com', u'chacha20-poly1305@openssh.com', u'aes128-cbc', u'3des-cbc', u'blowfish-cbc', u'cast128-cbc', u'aes192-cbc', u'aes256-cbc', u'arcfour', u'rijndael-cbc@lysator.liu.se'] client mac:[u'hmac-md5-etm@openssh.com', u'hmac-sha1-etm@openssh.com', u'umac-64-etm@openssh.com', u'umac-128-etm@openssh.com', u'hmac-sha2-256-etm@openssh.com', u'hmac-sha2-512-etm@openssh.com', u'hmac-ripemd160-etm@openssh.com', u'hmac-sha1-96-etm@openssh.com', u'hmac-md5-96-etm@openssh.com', u'hmac-md5', u'hmac-sha1', u'umac-64@openssh.com', u'umac-128@openssh.com', u'hmac-sha2-256', u'hmac-sha2-512', u'hmac-ripemd160', u'hmac-ripemd160@openssh.com', u'hmac-sha1-96', u'hmac-md5-96'] server mac:[u'hmac-md5-etm@openssh.com', u'hmac-sha1-etm@openssh.com', u'umac-64-etm@openssh.com', u'umac-128-etm@openssh.com', u'hmac-sha2-256-etm@openssh.com', u'hmac-sha2-512-etm@openssh.com', u'hmac-ripemd160-etm@openssh.com', u'hmac-sha1-96-etm@openssh.com', u'hmac-md5-96-etm@openssh.com', u'hmac-md5', u'hmac-sha1', u'umac-64@openssh.com', u'umac-128@openssh.com', u'hmac-sha2-256', u'hmac-sha2-512', u'hmac-ripemd160', u'hmac-ripemd160@openssh.com', u'hmac-sha1-96', u'hmac-md5-96'] client compress:[u'none', u'zlib@openssh.com'] server compress:[u'none', u'zlib@openssh.com'] client lang:[u''] server lang:[u''] kex follows?False
DEB [20170707-18:30:28.050] thr=11  paramiko.transport: Kex agreed: diffie-hellman-group1-sha1
DEB [20170707-18:30:28.050] thr=11  paramiko.transport: Cipher agreed: aes128-ctr
DEB [20170707-18:30:28.050] thr=11  paramiko.transport: MAC agreed: hmac-sha2-256
DEB [20170707-18:30:28.050] thr=11  paramiko.transport: Compression agreed: none
DEB [20170707-18:30:28.118] thr=11  paramiko.transport: kex engine KexGroup1 specified hash_algo <built-in function openssl_sha1>
DEB [20170707-18:30:28.118] thr=11  paramiko.transport: Switch to new keys ...
DEB [20170707-18:30:28.120] thr=2   paramiko.transport: Adding ssh-rsa host key for 147.228.242.156: 91534f594c88f39d865e5cabdc3a421a
DEB [20170707-18:30:28.121] thr=2   paramiko.transport: Trying key a32cf0d982cb904e8ddee5232852a3c0 from /home/alogo/workspace/DRIP/drip-deployer/1499445027991/1.txt
DEB [20170707-18:30:28.186] thr=11  paramiko.transport: userauth is OK
INF [20170707-18:30:28.212] thr=11  paramiko.transport: Authentication (publickey) successful!
DEB [20170707-18:30:28.222] thr=2   paramiko.transport: [chan 0] Max packet in: 32768 bytes
DEB [20170707-18:30:28.289] thr=11  paramiko.transport: [chan 0] Max packet out: 32768 bytes
DEB [20170707-18:30:28.289] thr=11  paramiko.transport: Secsh channel 0 opened.
DEB [20170707-18:30:28.339] thr=11  paramiko.transport: [chan 0] Sesch channel 0 request ok
DEB [20170707-18:30:28.371] thr=11  paramiko.transport: [chan 0] EOF received (0)
DEB [20170707-18:30:28.372] thr=11  paramiko.transport: [chan 0] EOF sent (0)
DEB [20170707-18:30:28.388] thr=12  paramiko.transport: starting thread (client mode): 0xe2ed2d90L
DEB [20170707-18:30:28.388] thr=12  paramiko.transport: Local version/idstring: SSH-2.0-paramiko_2.1.2
DEB [20170707-18:30:28.413] thr=12  paramiko.transport: Remote version/idstring: SSH-2.0-OpenSSH_6.6.1p1 Ubuntu-2ubuntu2.8
INF [20170707-18:30:28.413] thr=12  paramiko.transport: Connected (version 2.0, client OpenSSH_6.6.1p1)
DEB [20170707-18:30:28.429] thr=12  paramiko.transport: kex algos:[u'curve25519-sha256@libssh.org', u'ecdh-sha2-nistp256', u'ecdh-sha2-nistp384', u'ecdh-sha2-nistp521', u'diffie-hellman-group-exchange-sha256', u'diffie-hellman-group-exchange-sha1', u'diffie-hellman-group14-sha1', u'diffie-hellman-group1-sha1'] server key:[u'ssh-rsa', u'ssh-dss', u'ecdsa-sha2-nistp256', u'ssh-ed25519'] client encrypt:[u'aes128-ctr', u'aes192-ctr', u'aes256-ctr', u'arcfour256', u'arcfour128', u'aes128-gcm@openssh.com', u'aes256-gcm@openssh.com', u'chacha20-poly1305@openssh.com', u'aes128-cbc', u'3des-cbc', u'blowfish-cbc', u'cast128-cbc', u'aes192-cbc', u'aes256-cbc', u'arcfour', u'rijndael-cbc@lysator.liu.se'] server encrypt:[u'aes128-ctr', u'aes192-ctr', u'aes256-ctr', u'arcfour256', u'arcfour128', u'aes128-gcm@openssh.com', u'aes256-gcm@openssh.com', u'chacha20-poly1305@openssh.com', u'aes128-cbc', u'3des-cbc', u'blowfish-cbc', u'cast128-cbc', u'aes192-cbc', u'aes256-cbc', u'arcfour', u'rijndael-cbc@lysator.liu.se'] client mac:[u'hmac-md5-etm@openssh.com', u'hmac-sha1-etm@openssh.com', u'umac-64-etm@openssh.com', u'umac-128-etm@openssh.com', u'hmac-sha2-256-etm@openssh.com', u'hmac-sha2-512-etm@openssh.com', u'hmac-ripemd160-etm@openssh.com', u'hmac-sha1-96-etm@openssh.com', u'hmac-md5-96-etm@openssh.com', u'hmac-md5', u'hmac-sha1', u'umac-64@openssh.com', u'umac-128@openssh.com', u'hmac-sha2-256', u'hmac-sha2-512', u'hmac-ripemd160', u'hmac-ripemd160@openssh.com', u'hmac-sha1-96', u'hmac-md5-96'] server mac:[u'hmac-md5-etm@openssh.com', u'hmac-sha1-etm@openssh.com', u'umac-64-etm@openssh.com', u'umac-128-etm@openssh.com', u'hmac-sha2-256-etm@openssh.com', u'hmac-sha2-512-etm@openssh.com', u'hmac-ripemd160-etm@openssh.com', u'hmac-sha1-96-etm@openssh.com', u'hmac-md5-96-etm@openssh.com', u'hmac-md5', u'hmac-sha1', u'umac-64@openssh.com', u'umac-128@openssh.com', u'hmac-sha2-256', u'hmac-sha2-512', u'hmac-ripemd160', u'hmac-ripemd160@openssh.com', u'hmac-sha1-96', u'hmac-md5-96'] client compress:[u'none', u'zlib@openssh.com'] server compress:[u'none', u'zlib@openssh.com'] client lang:[u''] server lang:[u''] kex follows?False
DEB [20170707-18:30:28.429] thr=12  paramiko.transport: Kex agreed: diffie-hellman-group1-sha1
DEB [20170707-18:30:28.429] thr=12  paramiko.transport: Cipher agreed: aes128-ctr
DEB [20170707-18:30:28.429] thr=12  paramiko.transport: MAC agreed: hmac-sha2-256
DEB [20170707-18:30:28.430] thr=12  paramiko.transport: Compression agreed: none
DEB [20170707-18:30:28.494] thr=12  paramiko.transport: kex engine KexGroup1 specified hash_algo <built-in function openssl_sha1>
DEB [20170707-18:30:28.495] thr=12  paramiko.transport: Switch to new keys ...
DEB [20170707-18:30:28.495] thr=2   paramiko.transport: Adding ssh-rsa host key for 147.228.242.156: 91534f594c88f39d865e5cabdc3a421a
DEB [20170707-18:30:28.496] thr=2   paramiko.transport: Trying key a32cf0d982cb904e8ddee5232852a3c0 from /home/alogo/workspace/DRIP/drip-deployer/1499445027991/2.txt
DEB [20170707-18:30:28.562] thr=12  paramiko.transport: userauth is OK
INF [20170707-18:30:28.586] thr=12  paramiko.transport: Authentication (publickey) successful!
DEB [20170707-18:30:28.597] thr=2   paramiko.transport: [chan 0] Max packet in: 32768 bytes
DEB [20170707-18:30:28.652] thr=12  paramiko.transport: [chan 0] Max packet out: 32768 bytes
DEB [20170707-18:30:28.653] thr=12  paramiko.transport: Secsh channel 0 opened.
DEB [20170707-18:30:28.678] thr=12  paramiko.transport: [chan 0] Sesch channel 0 request ok
DEB [20170707-18:30:28.702] thr=12  paramiko.transport: [chan 0] EOF received (0)
DEB [20170707-18:30:28.703] thr=12  paramiko.transport: [chan 0] EOF sent (0)
DEB [20170707-18:30:28.719] thr=13  paramiko.transport: starting thread (client mode): 0xe3f39f90L
DEB [20170707-18:30:28.719] thr=13  paramiko.transport: Local version/idstring: SSH-2.0-paramiko_2.1.2
DEB [20170707-18:30:28.740] thr=13  paramiko.transport: Remote version/idstring: SSH-2.0-OpenSSH_6.6.1p1 Ubuntu-2ubuntu2.8
INF [20170707-18:30:28.740] thr=13  paramiko.transport: Connected (version 2.0, client OpenSSH_6.6.1p1)
DEB [20170707-18:30:28.756] thr=13  paramiko.transport: kex algos:[u'curve25519-sha256@libssh.org', u'ecdh-sha2-nistp256', u'ecdh-sha2-nistp384', u'ecdh-sha2-nistp521', u'diffie-hellman-group-exchange-sha256', u'diffie-hellman-group-exchange-sha1', u'diffie-hellman-group14-sha1', u'diffie-hellman-group1-sha1'] server key:[u'ssh-rsa', u'ssh-dss', u'ecdsa-sha2-nistp256', u'ssh-ed25519'] client encrypt:[u'aes128-ctr', u'aes192-ctr', u'aes256-ctr', u'arcfour256', u'arcfour128', u'aes128-gcm@openssh.com', u'aes256-gcm@openssh.com', u'chacha20-poly1305@openssh.com', u'aes128-cbc', u'3des-cbc', u'blowfish-cbc', u'cast128-cbc', u'aes192-cbc', u'aes256-cbc', u'arcfour', u'rijndael-cbc@lysator.liu.se'] server encrypt:[u'aes128-ctr', u'aes192-ctr', u'aes256-ctr', u'arcfour256', u'arcfour128', u'aes128-gcm@openssh.com', u'aes256-gcm@openssh.com', u'chacha20-poly1305@openssh.com', u'aes128-cbc', u'3des-cbc', u'blowfish-cbc', u'cast128-cbc', u'aes192-cbc', u'aes256-cbc', u'arcfour', u'rijndael-cbc@lysator.liu.se'] client mac:[u'hmac-md5-etm@openssh.com', u'hmac-sha1-etm@openssh.com', u'umac-64-etm@openssh.com', u'umac-128-etm@openssh.com', u'hmac-sha2-256-etm@openssh.com', u'hmac-sha2-512-etm@openssh.com', u'hmac-ripemd160-etm@openssh.com', u'hmac-sha1-96-etm@openssh.com', u'hmac-md5-96-etm@openssh.com', u'hmac-md5', u'hmac-sha1', u'umac-64@openssh.com', u'umac-128@openssh.com', u'hmac-sha2-256', u'hmac-sha2-512', u'hmac-ripemd160', u'hmac-ripemd160@openssh.com', u'hmac-sha1-96', u'hmac-md5-96'] server mac:[u'hmac-md5-etm@openssh.com', u'hmac-sha1-etm@openssh.com', u'umac-64-etm@openssh.com', u'umac-128-etm@openssh.com', u'hmac-sha2-256-etm@openssh.com', u'hmac-sha2-512-etm@openssh.com', u'hmac-ripemd160-etm@openssh.com', u'hmac-sha1-96-etm@openssh.com', u'hmac-md5-96-etm@openssh.com', u'hmac-md5', u'hmac-sha1', u'umac-64@openssh.com', u'umac-128@openssh.com', u'hmac-sha2-256', u'hmac-sha2-512', u'hmac-ripemd160', u'hmac-ripemd160@openssh.com', u'hmac-sha1-96', u'hmac-md5-96'] client compress:[u'none', u'zlib@openssh.com'] server compress:[u'none', u'zlib@openssh.com'] client lang:[u''] server lang:[u''] kex follows?False
DEB [20170707-18:30:28.756] thr=13  paramiko.transport: Kex agreed: diffie-hellman-group1-sha1
DEB [20170707-18:30:28.756] thr=13  paramiko.transport: Cipher agreed: aes128-ctr
DEB [20170707-18:30:28.756] thr=13  paramiko.transport: MAC agreed: hmac-sha2-256
DEB [20170707-18:30:28.756] thr=13  paramiko.transport: Compression agreed: none
DEB [20170707-18:30:28.820] thr=13  paramiko.transport: kex engine KexGroup1 specified hash_algo <built-in function openssl_sha1>
DEB [20170707-18:30:28.820] thr=13  paramiko.transport: Switch to new keys ...
DEB [20170707-18:30:28.821] thr=2   paramiko.transport: Adding ssh-rsa host key for 147.228.242.156: 91534f594c88f39d865e5cabdc3a421a
DEB [20170707-18:30:28.822] thr=2   paramiko.transport: Trying key a32cf0d982cb904e8ddee5232852a3c0 from /home/alogo/workspace/DRIP/drip-deployer/1499445027991/1.txt
DEB [20170707-18:30:28.890] thr=13  paramiko.transport: userauth is OK
INF [20170707-18:30:28.912] thr=13  paramiko.transport: Authentication (publickey) successful!
DEB [20170707-18:30:28.922] thr=2   paramiko.transport: [chan 0] Max packet in: 32768 bytes
DEB [20170707-18:30:28.978] thr=13  paramiko.transport: [chan 0] Max packet out: 32768 bytes
DEB [20170707-18:30:28.978] thr=13  paramiko.transport: Secsh channel 0 opened.
DEB [20170707-18:30:29.003] thr=13  paramiko.transport: [chan 0] Sesch channel 0 request ok
DEB [20170707-18:30:29.041] thr=13  paramiko.transport: [chan 0] EOF received (0)
DEB [20170707-18:30:29.042] thr=2   paramiko.transport: [chan 1] Max packet in: 32768 bytes
DEB [20170707-18:30:29.043] thr=13  paramiko.transport: [chan 0] EOF sent (0)
DEB [20170707-18:30:29.059] thr=13  paramiko.transport: [chan 1] Max packet out: 32768 bytes
DEB [20170707-18:30:29.059] thr=13  paramiko.transport: Secsh channel 1 opened.
DEB [20170707-18:30:29.127] thr=13  paramiko.transport: [chan 1] Sesch channel 1 request ok
DEB [20170707-18:30:29.156] thr=13  paramiko.transport: [chan 1] EOF received (1)
DEB [20170707-18:30:29.156] thr=2   paramiko.transport: [chan 2] Max packet in: 32768 bytes
DEB [20170707-18:30:29.157] thr=13  paramiko.transport: [chan 1] EOF sent (1)
DEB [20170707-18:30:29.173] thr=13  paramiko.transport: [chan 2] Max packet out: 32768 bytes
DEB [20170707-18:30:29.173] thr=13  paramiko.transport: Secsh channel 2 opened.
DEB [20170707-18:30:29.243] thr=13  paramiko.transport: [chan 2] Sesch channel 2 request ok
DEB [20170707-18:30:30.011] thr=13  paramiko.transport: [chan 2] EOF received (2)
DEB [20170707-18:30:30.029] thr=14  paramiko.transport: starting thread (client mode): 0xe2ee1f50L
DEB [20170707-18:30:30.029] thr=14  paramiko.transport: Local version/idstring: SSH-2.0-paramiko_2.1.2
DEB [20170707-18:30:30.049] thr=14  paramiko.transport: Remote version/idstring: SSH-2.0-OpenSSH_6.6.1p1 Ubuntu-2ubuntu2.8
INF [20170707-18:30:30.049] thr=14  paramiko.transport: Connected (version 2.0, client OpenSSH_6.6.1p1)
DEB [20170707-18:30:30.065] thr=14  paramiko.transport: kex algos:[u'curve25519-sha256@libssh.org', u'ecdh-sha2-nistp256', u'ecdh-sha2-nistp384', u'ecdh-sha2-nistp521', u'diffie-hellman-group-exchange-sha256', u'diffie-hellman-group-exchange-sha1', u'diffie-hellman-group14-sha1', u'diffie-hellman-group1-sha1'] server key:[u'ssh-rsa', u'ssh-dss', u'ecdsa-sha2-nistp256', u'ssh-ed25519'] client encrypt:[u'aes128-ctr', u'aes192-ctr', u'aes256-ctr', u'arcfour256', u'arcfour128', u'aes128-gcm@openssh.com', u'aes256-gcm@openssh.com', u'chacha20-poly1305@openssh.com', u'aes128-cbc', u'3des-cbc', u'blowfish-cbc', u'cast128-cbc', u'aes192-cbc', u'aes256-cbc', u'arcfour', u'rijndael-cbc@lysator.liu.se'] server encrypt:[u'aes128-ctr', u'aes192-ctr', u'aes256-ctr', u'arcfour256', u'arcfour128', u'aes128-gcm@openssh.com', u'aes256-gcm@openssh.com', u'chacha20-poly1305@openssh.com', u'aes128-cbc', u'3des-cbc', u'blowfish-cbc', u'cast128-cbc', u'aes192-cbc', u'aes256-cbc', u'arcfour', u'rijndael-cbc@lysator.liu.se'] client mac:[u'hmac-md5-etm@openssh.com', u'hmac-sha1-etm@openssh.com', u'umac-64-etm@openssh.com', u'umac-128-etm@openssh.com', u'hmac-sha2-256-etm@openssh.com', u'hmac-sha2-512-etm@openssh.com', u'hmac-ripemd160-etm@openssh.com', u'hmac-sha1-96-etm@openssh.com', u'hmac-md5-96-etm@openssh.com', u'hmac-md5', u'hmac-sha1', u'umac-64@openssh.com', u'umac-128@openssh.com', u'hmac-sha2-256', u'hmac-sha2-512', u'hmac-ripemd160', u'hmac-ripemd160@openssh.com', u'hmac-sha1-96', u'hmac-md5-96'] server mac:[u'hmac-md5-etm@openssh.com', u'hmac-sha1-etm@openssh.com', u'umac-64-etm@openssh.com', u'umac-128-etm@openssh.com', u'hmac-sha2-256-etm@openssh.com', u'hmac-sha2-512-etm@openssh.com', u'hmac-ripemd160-etm@openssh.com', u'hmac-sha1-96-etm@openssh.com', u'hmac-md5-96-etm@openssh.com', u'hmac-md5', u'hmac-sha1', u'umac-64@openssh.com', u'umac-128@openssh.com', u'hmac-sha2-256', u'hmac-sha2-512', u'hmac-ripemd160', u'hmac-ripemd160@openssh.com', u'hmac-sha1-96', u'hmac-md5-96'] client compress:[u'none', u'zlib@openssh.com'] server compress:[u'none', u'zlib@openssh.com'] client lang:[u''] server lang:[u''] kex follows?False
DEB [20170707-18:30:30.065] thr=14  paramiko.transport: Kex agreed: diffie-hellman-group1-sha1
DEB [20170707-18:30:30.065] thr=14  paramiko.transport: Cipher agreed: aes128-ctr
DEB [20170707-18:30:30.066] thr=14  paramiko.transport: MAC agreed: hmac-sha2-256
DEB [20170707-18:30:30.066] thr=14  paramiko.transport: Compression agreed: none
DEB [20170707-18:30:30.127] thr=14  paramiko.transport: kex engine KexGroup1 specified hash_algo <built-in function openssl_sha1>
DEB [20170707-18:30:30.127] thr=14  paramiko.transport: Switch to new keys ...
DEB [20170707-18:30:30.130] thr=2   paramiko.transport: Adding ssh-rsa host key for 147.228.242.156: 91534f594c88f39d865e5cabdc3a421a
DEB [20170707-18:30:30.131] thr=2   paramiko.transport: Trying key a32cf0d982cb904e8ddee5232852a3c0 from /home/alogo/workspace/DRIP/drip-deployer/1499445027991/2.txt
DEB [20170707-18:30:30.198] thr=14  paramiko.transport: userauth is OK
INF [20170707-18:30:30.220] thr=14  paramiko.transport: Authentication (publickey) successful!
DEB [20170707-18:30:30.231] thr=2   paramiko.transport: [chan 0] Max packet in: 32768 bytes
DEB [20170707-18:30:30.329] thr=14  paramiko.transport: [chan 0] Max packet out: 32768 bytes
DEB [20170707-18:30:30.330] thr=14  paramiko.transport: Secsh channel 0 opened.
DEB [20170707-18:30:30.348] thr=14  paramiko.transport: [chan 0] Sesch channel 0 request ok
DEB [20170707-18:30:30.855] thr=14  paramiko.transport: [chan 0] EOF received (0)
DEB [20170707-18:30:30.855] thr=2   paramiko.transport: [chan 1] Max packet in: 32768 bytes
DEB [20170707-18:30:30.856] thr=14  paramiko.transport: [chan 0] EOF sent (0)
DEB [20170707-18:30:30.871] thr=14  paramiko.transport: [chan 1] Max packet out: 32768 bytes
DEB [20170707-18:30:30.872] thr=14  paramiko.transport: Secsh channel 1 opened.
DEB [20170707-18:30:31.006] thr=14  paramiko.transport: [chan 1] Sesch channel 1 request ok
DEB [20170707-18:30:31.042] thr=14  paramiko.transport: [chan 1] EOF received (1)
DEB [20170707-18:30:31.042] thr=14  paramiko.transport: [chan 1] EOF sent (1)
DEB [20170707-18:30:31.042] thr=14  paramiko.transport: Dropping user packet because connection is dead.
DEB [20170707-18:30:31.042] thr=14  paramiko.transport: Dropping user packet because connection is dead.
DEB [20170707-18:30:31.059] thr=15  paramiko.transport: starting thread (client mode): 0xe3f399d0L
DEB [20170707-18:30:31.060] thr=15  paramiko.transport: Local version/idstring: SSH-2.0-paramiko_2.1.2
DEB [20170707-18:30:31.086] thr=15  paramiko.transport: Remote version/idstring: SSH-2.0-OpenSSH_6.6.1p1 Ubuntu-2ubuntu2.8
INF [20170707-18:30:31.086] thr=15  paramiko.transport: Connected (version 2.0, client OpenSSH_6.6.1p1)
DEB [20170707-18:30:31.101] thr=15  paramiko.transport: kex algos:[u'curve25519-sha256@libssh.org', u'ecdh-sha2-nistp256', u'ecdh-sha2-nistp384', u'ecdh-sha2-nistp521', u'diffie-hellman-group-exchange-sha256', u'diffie-hellman-group-exchange-sha1', u'diffie-hellman-group14-sha1', u'diffie-hellman-group1-sha1'] server key:[u'ssh-rsa', u'ssh-dss', u'ecdsa-sha2-nistp256', u'ssh-ed25519'] client encrypt:[u'aes128-ctr', u'aes192-ctr', u'aes256-ctr', u'arcfour256', u'arcfour128', u'aes128-gcm@openssh.com', u'aes256-gcm@openssh.com', u'chacha20-poly1305@openssh.com', u'aes128-cbc', u'3des-cbc', u'blowfish-cbc', u'cast128-cbc', u'aes192-cbc', u'aes256-cbc', u'arcfour', u'rijndael-cbc@lysator.liu.se'] server encrypt:[u'aes128-ctr', u'aes192-ctr', u'aes256-ctr', u'arcfour256', u'arcfour128', u'aes128-gcm@openssh.com', u'aes256-gcm@openssh.com', u'chacha20-poly1305@openssh.com', u'aes128-cbc', u'3des-cbc', u'blowfish-cbc', u'cast128-cbc', u'aes192-cbc', u'aes256-cbc', u'arcfour', u'rijndael-cbc@lysator.liu.se'] client mac:[u'hmac-md5-etm@openssh.com', u'hmac-sha1-etm@openssh.com', u'umac-64-etm@openssh.com', u'umac-128-etm@openssh.com', u'hmac-sha2-256-etm@openssh.com', u'hmac-sha2-512-etm@openssh.com', u'hmac-ripemd160-etm@openssh.com', u'hmac-sha1-96-etm@openssh.com', u'hmac-md5-96-etm@openssh.com', u'hmac-md5', u'hmac-sha1', u'umac-64@openssh.com', u'umac-128@openssh.com', u'hmac-sha2-256', u'hmac-sha2-512', u'hmac-ripemd160', u'hmac-ripemd160@openssh.com', u'hmac-sha1-96', u'hmac-md5-96'] server mac:[u'hmac-md5-etm@openssh.com', u'hmac-sha1-etm@openssh.com', u'umac-64-etm@openssh.com', u'umac-128-etm@openssh.com', u'hmac-sha2-256-etm@openssh.com', u'hmac-sha2-512-etm@openssh.com', u'hmac-ripemd160-etm@openssh.com', u'hmac-sha1-96-etm@openssh.com', u'hmac-md5-96-etm@openssh.com', u'hmac-md5', u'hmac-sha1', u'umac-64@openssh.com', u'umac-128@openssh.com', u'hmac-sha2-256', u'hmac-sha2-512', u'hmac-ripemd160', u'hmac-ripemd160@openssh.com', u'hmac-sha1-96', u'hmac-md5-96'] client compress:[u'none', u'zlib@openssh.com'] server compress:[u'none', u'zlib@openssh.com'] client lang:[u''] server lang:[u''] kex follows?False
DEB [20170707-18:30:31.102] thr=15  paramiko.transport: Kex agreed: diffie-hellman-group1-sha1
DEB [20170707-18:30:31.102] thr=15  paramiko.transport: Cipher agreed: aes128-ctr
DEB [20170707-18:30:31.102] thr=15  paramiko.transport: MAC agreed: hmac-sha2-256
DEB [20170707-18:30:31.102] thr=15  paramiko.transport: Compression agreed: none
DEB [20170707-18:30:31.173] thr=15  paramiko.transport: kex engine KexGroup1 specified hash_algo <built-in function openssl_sha1>
DEB [20170707-18:30:31.173] thr=15  paramiko.transport: Switch to new keys ...
DEB [20170707-18:30:31.181] thr=2   paramiko.transport: Adding ssh-rsa host key for 147.228.242.156: 91534f594c88f39d865e5cabdc3a421a
DEB [20170707-18:30:31.182] thr=2   paramiko.transport: Trying key a32cf0d982cb904e8ddee5232852a3c0 from /home/alogo/workspace/DRIP/drip-deployer/1499445027991/1.txt
DEB [20170707-18:30:31.242] thr=15  paramiko.transport: userauth is OK
INF [20170707-18:30:31.268] thr=15  paramiko.transport: Authentication (publickey) successful!
DEB [20170707-18:30:31.283] thr=2   paramiko.transport: [chan 0] Max packet in: 32768 bytes
DEB [20170707-18:30:31.346] thr=15  paramiko.transport: [chan 0] Max packet out: 32768 bytes
DEB [20170707-18:30:31.346] thr=15  paramiko.transport: Secsh channel 0 opened.
DEB [20170707-18:30:31.364] thr=15  paramiko.transport: [chan 0] Sesch channel 0 request ok
INF [20170707-18:30:31.381] thr=2   paramiko.transport.sftp: [chan 0] Opened sftp connection (server version 3)
DEB [20170707-18:30:31.381] thr=2   paramiko.transport.sftp: [chan 0] stat('/tmp/')
DEB [20170707-18:30:31.398] thr=2   paramiko.transport.sftp: [chan 0] normalize('/tmp/')
DEB [20170707-18:30:31.414] thr=2   paramiko.transport.sftp: [chan 0] open('/tmp/docker-compose.yml', 'wb')
DEB [20170707-18:30:31.431] thr=2   paramiko.transport.sftp: [chan 0] open('/tmp/docker-compose.yml', 'wb') -> 00000000
DEB [20170707-18:30:31.432] thr=2   paramiko.transport.sftp: [chan 0] close(00000000)
DEB [20170707-18:30:31.463] thr=2   paramiko.transport.sftp: [chan 0] stat('/tmp/docker-compose.yml')
DEB [20170707-18:30:31.480] thr=2   paramiko.transport: [chan 1] Max packet in: 32768 bytes
DEB [20170707-18:30:31.497] thr=15  paramiko.transport: [chan 1] Max packet out: 32768 bytes
DEB [20170707-18:30:31.497] thr=15  paramiko.transport: Secsh channel 1 opened.
DEB [20170707-18:30:31.529] thr=15  paramiko.transport: [chan 1] Sesch channel 1 request ok
DEB [20170707-18:30:31.566] thr=15  paramiko.transport: [chan 1] EOF received (1)
